# JRE version: OpenJDK Runtime Environment Temurin-21.0.10+7 (21.0.10+7) (build 21.0.10+7-LTS)
# Java VM: OpenJDK 64-Bit Server VM Temurin-21.0.10+7 (21.0.10+7-LTS, mixed mode, sharing, tiered, compressed oops, compressed class ptrs, parallel gc, windows-amd64)
GC Precious Log:
 CardTable entry size: 512
 CPUs: 16 total, 16 available
 Memory: 5996M
 Large Page Support: Disabled
 NUMA Support: Disabled
 Compressed Oops: Enabled (32-bit)
 Alignments: Space 512K, Generation 512K, Heap 2M
 Heap Min Capacity: 100M
 Heap Initial Capacity: 100M
 Heap Max Capacity: 2G
 Pre-touch: Disabled
 Parallel Workers: 13
Heap:
 PSYoungGen      total 6656K, used 6650K [0x00000000d5580000, 0x00000000d5d80000, 0x0000000100000000)
  eden space 6144K, 100% used [0x00000000d5580000,0x00000000d5b80000,0x00000000d5b80000)
  from space 512K, 98% used [0x00000000d5d00000,0x00000000d5d7e900,0x00000000d5d80000)
  to   space 1024K, 0% used [0x00000000d5c00000,0x00000000d5c00000,0x00000000d5d00000)
 ParOldGen       total 586240K, used 585989K [0x0000000080000000, 0x00000000a3c80000, 0x00000000d5580000)
  object space 586240K, 99% used [0x0000000080000000,0x00000000a3c41448,0x00000000a3c80000)
 Metaspace       used 85028K, committed 87040K, reserved 1179648K
  class space    used 8585K, committed 9472K, reserved 1048576K
GC Heap History (20 events):
Event: 338.954 GC heap before
{Heap before GC invocations=1123 (full 4):
 PSYoungGen      total 6144K, used 5840K [0x00000000d5580000, 0x00000000d5d80000, 0x0000000100000000)
  eden space 5120K, 100% used [0x00000000d5580000,0x00000000d5a80000,0x00000000d5a80000)
  from space 1024K, 70% used [0x00000000d5c80000,0x00000000d5d34010,0x00000000d5d80000)
  to   space 1024K, 0% used [0x00000000d5a80000,0x00000000d5a80000,0x00000000d5b80000)
 ParOldGen       total 576000K, used 575839K [0x0000000080000000, 0x00000000a3280000, 0x00000000d5580000)
  object space 576000K, 99% used [0x0000000080000000,0x00000000a3257ca0,0x00000000a3280000)
 Metaspace       used 84928K, committed 86912K, reserved 1179648K
  class space    used 8579K, committed 9472K, reserved 1048576K
}
Event: 338.955 GC heap after
{Heap after GC invocations=1123 (full 4):
 PSYoungGen      total 6144K, used 729K [0x00000000d5580000, 0x00000000d5d00000, 0x0000000100000000)
  eden space 5120K, 0% used [0x00000000d5580000,0x00000000d5580000,0x00000000d5a80000)
  from space 1024K, 71% used [0x00000000d5a80000,0x00000000d5b36410,0x00000000d5b80000)
  to   space 1024K, 0% used [0x00000000d5c00000,0x00000000d5c00000,0x00000000d5d00000)
 ParOldGen       total 576512K, used 576201K [0x0000000080000000, 0x00000000a3300000, 0x00000000d5580000)
  object space 576512K, 99% used [0x0000000080000000,0x00000000a32b25d0,0x00000000a3300000)
 Metaspace       used 84928K, committed 86912K, reserved 1179648K
  class space    used 8579K, committed 9472K, reserved 1048576K
}
Event: 338.958 GC heap before
{Heap before GC invocations=1124 (full 4):
 PSYoungGen      total 6144K, used 5849K [0x00000000d5580000, 0x00000000d5d00000, 0x0000000100000000)
  eden space 5120K, 100% used [0x00000000d5580000,0x00000000d5a80000,0x00000000d5a80000)
  from space 1024K, 71% used [0x00000000d5a80000,0x00000000d5b36410,0x00000000d5b80000)
  to   space 1024K, 0% used [0x00000000d5c00000,0x00000000d5c00000,0x00000000d5d00000)
 ParOldGen       total 576512K, used 576201K [0x0000000080000000, 0x00000000a3300000, 0x00000000d5580000)
  object space 576512K, 99% used [0x0000000080000000,0x00000000a32b25d0,0x00000000a3300000)
 Metaspace       used 84928K, committed 86912K, reserved 1179648K
  class space    used 8579K, committed 9472K, reserved 1048576K
}
Event: 338.960 GC heap after
{Heap after GC invocations=1124 (full 4):
 PSYoungGen      total 6144K, used 928K [0x00000000d5580000, 0x00000000d5d00000, 0x0000000100000000)
  eden space 5120K, 0% used [0x00000000d5580000,0x00000000d5580000,0x00000000d5a80000)
  from space 1024K, 90% used [0x00000000d5c00000,0x00000000d5ce8000,0x00000000d5d00000)
  to   space 1024K, 0% used [0x00000000d5a80000,0x00000000d5a80000,0x00000000d5b80000)
 ParOldGen       total 577024K, used 576737K [0x0000000080000000, 0x00000000a3380000, 0x00000000d5580000)
  object space 577024K, 99% used [0x0000000080000000,0x00000000a3338680,0x00000000a3380000)
 Metaspace       used 84928K, committed 86912K, reserved 1179648K
  class space    used 8579K, committed 9472K, reserved 1048576K
}
Event: 338.962 GC heap before
{Heap before GC invocations=1125 (full 4):
 PSYoungGen      total 6144K, used 6048K [0x00000000d5580000, 0x00000000d5d00000, 0x0000000100000000)
  eden space 5120K, 100% used [0x00000000d5580000,0x00000000d5a80000,0x00000000d5a80000)
  from space 1024K, 90% used [0x00000000d5c00000,0x00000000d5ce8000,0x00000000d5d00000)
  to   space 1024K, 0% used [0x00000000d5a80000,0x00000000d5a80000,0x00000000d5b80000)
 ParOldGen       total 577024K, used 576737K [0x0000000080000000, 0x00000000a3380000, 0x00000000d5580000)
  object space 577024K, 99% used [0x0000000080000000,0x00000000a3338680,0x00000000a3380000)
 Metaspace       used 84928K, committed 86912K, reserved 1179648K
  class space    used 8579K, committed 9472K, reserved 1048576K
}
Event: 338.965 GC heap after
{Heap after GC invocations=1125 (full 4):
 PSYoungGen      total 6144K, used 480K [0x00000000d5580000, 0x00000000d5d80000, 0x0000000100000000)
  eden space 5120K, 0% used [0x00000000d5580000,0x00000000d5580000,0x00000000d5a80000)
  from space 1024K, 46% used [0x00000000d5a80000,0x00000000d5af8000,0x00000000d5b80000)
  to   space 1024K, 0% used [0x00000000d5c80000,0x00000000d5c80000,0x00000000d5d80000)
 ParOldGen       total 577536K, used 577535K [0x0000000080000000, 0x00000000a3400000, 0x00000000d5580000)
  object space 577536K, 99% used [0x0000000080000000,0x00000000a33fff90,0x00000000a3400000)
 Metaspace       used 84928K, committed 86912K, reserved 1179648K
  class space    used 8579K, committed 9472K, reserved 1048576K
}
Event: 338.975 GC heap before
{Heap before GC invocations=1126 (full 4):
 PSYoungGen      total 6144K, used 5599K [0x00000000d5580000, 0x00000000d5d80000, 0x0000000100000000)
  eden space 5120K, 99% used [0x00000000d5580000,0x00000000d5a7fff8,0x00000000d5a80000)
  from space 1024K, 46% used [0x00000000d5a80000,0x00000000d5af8000,0x00000000d5b80000)
  to   space 1024K, 0% used [0x00000000d5c80000,0x00000000d5c80000,0x00000000d5d80000)
 ParOldGen       total 577536K, used 577535K [0x0000000080000000, 0x00000000a3400000, 0x00000000d5580000)
  object space 577536K, 99% used [0x0000000080000000,0x00000000a33fff90,0x00000000a3400000)
 Metaspace       used 84929K, committed 86912K, reserved 1179648K
  class space    used 8579K, committed 9472K, reserved 1048576K
}
Event: 338.977 GC heap after
{Heap after GC invocations=1126 (full 4):
 PSYoungGen      total 5120K, used 1007K [0x00000000d5580000, 0x00000000d6180000, 0x0000000100000000)
  eden space 4096K, 0% used [0x00000000d5580000,0x00000000d5580000,0x00000000d5980000)
  from space 1024K, 98% used [0x00000000d5c80000,0x00000000d5d7be40,0x00000000d5d80000)
  to   space 3072K, 0% used [0x00000000d5980000,0x00000000d5980000,0x00000000d5c80000)
 ParOldGen       total 579584K, used 579178K [0x0000000080000000, 0x00000000a3600000, 0x00000000d5580000)
  object space 579584K, 99% used [0x0000000080000000,0x00000000a359ab18,0x00000000a3600000)
 Metaspace       used 84929K, committed 86912K, reserved 1179648K
  class space    used 8579K, committed 9472K, reserved 1048576K
}
Event: 338.982 GC heap before
{Heap before GC invocations=1127 (full 4):
 PSYoungGen      total 5120K, used 5103K [0x00000000d5580000, 0x00000000d6180000, 0x0000000100000000)
  eden space 4096K, 100% used [0x00000000d5580000,0x00000000d5980000,0x00000000d5980000)
  from space 1024K, 98% used [0x00000000d5c80000,0x00000000d5d7be40,0x00000000d5d80000)
  to   space 3072K, 0% used [0x00000000d5980000,0x00000000d5980000,0x00000000d5c80000)
 ParOldGen       total 579584K, used 579178K [0x0000000080000000, 0x00000000a3600000, 0x00000000d5580000)
  object space 579584K, 99% used [0x0000000080000000,0x00000000a359ab18,0x00000000a3600000)
 Metaspace       used 84930K, committed 86912K, reserved 1179648K
  class space    used 8579K, committed 9472K, reserved 1048576K
}
Event: 338.985 GC heap after
{Heap after GC invocations=1127 (full 4):
 PSYoungGen      total 7168K, used 2548K [0x00000000d5580000, 0x00000000d6080000, 0x0000000100000000)
  eden space 4096K, 0% used [0x00000000d5580000,0x00000000d5580000,0x00000000d5980000)
  from space 3072K, 82% used [0x00000000d5980000,0x00000000d5bfd200,0x00000000d5c80000)
  to   space 3072K, 0% used [0x00000000d5d80000,0x00000000d5d80000,0x00000000d6080000)
 ParOldGen       total 580608K, used 580557K [0x0000000080000000, 0x00000000a3700000, 0x00000000d5580000)
  object space 580608K, 99% used [0x0000000080000000,0x00000000a36f37a8,0x00000000a3700000)
 Metaspace       used 84930K, committed 86912K, reserved 1179648K
  class space    used 8579K, committed 9472K, reserved 1048576K
}
Event: 338.993 GC heap before
{Heap before GC invocations=1128 (full 4):
 PSYoungGen      total 7168K, used 6644K [0x00000000d5580000, 0x00000000d6080000, 0x0000000100000000)
  eden space 4096K, 100% used [0x00000000d5580000,0x00000000d5980000,0x00000000d5980000)
  from space 3072K, 82% used [0x00000000d5980000,0x00000000d5bfd200,0x00000000d5c80000)
  to   space 3072K, 0% used [0x00000000d5d80000,0x00000000d5d80000,0x00000000d6080000)
 ParOldGen       total 580608K, used 580557K [0x0000000080000000, 0x00000000a3700000, 0x00000000d5580000)
  object space 580608K, 99% used [0x0000000080000000,0x00000000a36f37a8,0x00000000a3700000)
 Metaspace       used 84931K, committed 86912K, reserved 1179648K
  class space    used 8579K, committed 9472K, reserved 1048576K
}
Event: 338.995 GC heap after
{Heap after GC invocations=1128 (full 4):
 PSYoungGen      total 6144K, used 832K [0x00000000d5580000, 0x00000000d5e80000, 0x0000000100000000)
  eden space 5120K, 0% used [0x00000000d5580000,0x00000000d5580000,0x00000000d5a80000)
  from space 1024K, 81% used [0x00000000d5d80000,0x00000000d5e50000,0x00000000d5e80000)
  to   space 1536K, 0% used [0x00000000d5b80000,0x00000000d5b80000,0x00000000d5d00000)
 ParOldGen       total 583168K, used 582961K [0x0000000080000000, 0x00000000a3980000, 0x00000000d5580000)
  object space 583168K, 99% used [0x0000000080000000,0x00000000a394c650,0x00000000a3980000)
 Metaspace       used 84931K, committed 86912K, reserved 1179648K
  class space    used 8579K, committed 9472K, reserved 1048576K
}
Event: 339.010 GC heap before
{Heap before GC invocations=1129 (full 4):
 PSYoungGen      total 6144K, used 5952K [0x00000000d5580000, 0x00000000d5e80000, 0x0000000100000000)
  eden space 5120K, 100% used [0x00000000d5580000,0x00000000d5a80000,0x00000000d5a80000)
  from space 1024K, 81% used [0x00000000d5d80000,0x00000000d5e50000,0x00000000d5e80000)
  to   space 1536K, 0% used [0x00000000d5b80000,0x00000000d5b80000,0x00000000d5d00000)
 ParOldGen       total 583168K, used 582961K [0x0000000080000000, 0x00000000a3980000, 0x00000000d5580000)
  object space 583168K, 99% used [0x0000000080000000,0x00000000a394c650,0x00000000a3980000)
 Metaspace       used 84933K, committed 86912K, reserved 1179648K
  class space    used 8579K, committed 9472K, reserved 1048576K
}
Event: 339.011 GC heap after
{Heap after GC invocations=1129 (full 4):
 PSYoungGen      total 7680K, used 1024K [0x00000000d5580000, 0x00000000d5e80000, 0x0000000100000000)
  eden space 6144K, 0% used [0x00000000d5580000,0x00000000d5580000,0x00000000d5b80000)
  from space 1536K, 66% used [0x00000000d5b80000,0x00000000d5c80000,0x00000000d5d00000)
  to   space 1536K, 0% used [0x00000000d5d00000,0x00000000d5d00000,0x00000000d5e80000)
 ParOldGen       total 583680K, used 583575K [0x0000000080000000, 0x00000000a3a00000, 0x00000000d5580000)
  object space 583680K, 99% used [0x0000000080000000,0x00000000a39e5f80,0x00000000a3a00000)
 Metaspace       used 84933K, committed 86912K, reserved 1179648K
  class space    used 8579K, committed 9472K, reserved 1048576K
}
Event: 339.443 GC heap before
{Heap before GC invocations=1130 (full 4):
 PSYoungGen      total 7680K, used 7167K [0x00000000d5580000, 0x00000000d5e80000, 0x0000000100000000)
  eden space 6144K, 99% used [0x00000000d5580000,0x00000000d5b7ffe0,0x00000000d5b80000)
  from space 1536K, 66% used [0x00000000d5b80000,0x00000000d5c80000,0x00000000d5d00000)
  to   space 1536K, 0% used [0x00000000d5d00000,0x00000000d5d00000,0x00000000d5e80000)
 ParOldGen       total 583680K, used 583575K [0x0000000080000000, 0x00000000a3a00000, 0x00000000d5580000)
  object space 583680K, 99% used [0x0000000080000000,0x00000000a39e5f80,0x00000000a3a00000)
 Metaspace       used 85018K, committed 87040K, reserved 1179648K
  class space    used 8585K, committed 9472K, reserved 1048576K
}
Event: 339.445 GC heap after
{Heap after GC invocations=1130 (full 4):
 PSYoungGen      total 7168K, used 528K [0x00000000d5580000, 0x00000000d5e00000, 0x0000000100000000)
  eden space 6144K, 0% used [0x00000000d5580000,0x00000000d5580000,0x00000000d5b80000)
  from space 1024K, 51% used [0x00000000d5d00000,0x00000000d5d84010,0x00000000d5e00000)
  to   space 1024K, 0% used [0x00000000d5c00000,0x00000000d5c00000,0x00000000d5d00000)
 ParOldGen       total 584704K, used 584443K [0x0000000080000000, 0x00000000a3b00000, 0x00000000d5580000)
  object space 584704K, 99% used [0x0000000080000000,0x00000000a3abee90,0x00000000a3b00000)
 Metaspace       used 85018K, committed 87040K, reserved 1179648K
  class space    used 8585K, committed 9472K, reserved 1048576K
}
Event: 339.449 GC heap before
{Heap before GC invocations=1131 (full 4):
 PSYoungGen      total 7168K, used 6672K [0x00000000d5580000, 0x00000000d5e00000, 0x0000000100000000)
  eden space 6144K, 100% used [0x00000000d5580000,0x00000000d5b80000,0x00000000d5b80000)
  from space 1024K, 51% used [0x00000000d5d00000,0x00000000d5d84010,0x00000000d5e00000)
  to   space 1024K, 0% used [0x00000000d5c00000,0x00000000d5c00000,0x00000000d5d00000)
 ParOldGen       total 584704K, used 584443K [0x0000000080000000, 0x00000000a3b00000, 0x00000000d5580000)
  object space 584704K, 99% used [0x0000000080000000,0x00000000a3abee90,0x00000000a3b00000)
 Metaspace       used 85018K, committed 87040K, reserved 1179648K
  class space    used 8585K, committed 9472K, reserved 1048576K
}
Event: 339.450 GC heap after
{Heap after GC invocations=1131 (full 4):
 PSYoungGen      total 7168K, used 800K [0x00000000d5580000, 0x00000000d5d80000, 0x0000000100000000)
  eden space 6144K, 0% used [0x00000000d5580000,0x00000000d5580000,0x00000000d5b80000)
  from space 1024K, 78% used [0x00000000d5c00000,0x00000000d5cc8000,0x00000000d5d00000)
  to   space 512K, 0% used [0x00000000d5d00000,0x00000000d5d00000,0x00000000d5d80000)
 ParOldGen       total 585216K, used 584765K [0x0000000080000000, 0x00000000a3b80000, 0x00000000d5580000)
  object space 585216K, 99% used [0x0000000080000000,0x00000000a3b0f638,0x00000000a3b80000)
 Metaspace       used 85018K, committed 87040K, reserved 1179648K
  class space    used 8585K, committed 9472K, reserved 1048576K
}
Event: 339.464 GC heap before
{Heap before GC invocations=1132 (full 4):
 PSYoungGen      total 7168K, used 6944K [0x00000000d5580000, 0x00000000d5d80000, 0x0000000100000000)
  eden space 6144K, 100% used [0x00000000d5580000,0x00000000d5b80000,0x00000000d5b80000)
  from space 1024K, 78% used [0x00000000d5c00000,0x00000000d5cc8000,0x00000000d5d00000)
  to   space 512K, 0% used [0x00000000d5d00000,0x00000000d5d00000,0x00000000d5d80000)
 ParOldGen       total 585216K, used 584765K [0x0000000080000000, 0x00000000a3b80000, 0x00000000d5580000)
  object space 585216K, 99% used [0x0000000080000000,0x00000000a3b0f638,0x00000000a3b80000)
 Metaspace       used 85025K, committed 87040K, reserved 1179648K
  class space    used 8585K, committed 9472K, reserved 1048576K
}
Event: 341.475 GC heap after
{Heap after GC invocations=1132 (full 4):
 PSYoungGen      total 6656K, used 506K [0x00000000d5580000, 0x00000000d5d80000, 0x0000000100000000)
  eden space 6144K, 0% used [0x00000000d5580000,0x00000000d5580000,0x00000000d5b80000)
  from space 512K, 98% used [0x00000000d5d00000,0x00000000d5d7e900,0x00000000d5d80000)
  to   space 1024K, 0% used [0x00000000d5c00000,0x00000000d5c00000,0x00000000d5d00000)
 ParOldGen       total 586240K, used 585989K [0x0000000080000000, 0x00000000a3c80000, 0x00000000d5580000)
  object space 586240K, 99% used [0x0000000080000000,0x00000000a3c41448,0x00000000a3c80000)
 Metaspace       used 85025K, committed 87040K, reserved 1179648K
  class space    used 8585K, committed 9472K, reserved 1048576K
}

