# JRE version: OpenJDK Runtime Environment Temurin-21.0.10+7 (21.0.10+7) (build 21.0.10+7-LTS)
# Java VM: OpenJDK 64-Bit Server VM Temurin-21.0.10+7 (21.0.10+7-LTS, mixed mode, sharing, tiered, compressed oops, compressed class ptrs, parallel gc, windows-amd64)
GC Precious Log:
 CardTable entry size: 512
 CPUs: 16 total, 16 available
 Memory: 5996M
 Large Page Support: Disabled
 NUMA Support: Disabled
 Compressed Oops: Enabled (32-bit)
 Alignments: Space 512K, Generation 512K, Heap 2M
 Heap Min Capacity: 100M
 Heap Initial Capacity: 100M
 Heap Max Capacity: 2G
 Pre-touch: Disabled
 Parallel Workers: 13
Heap:
 PSYoungGen      total 8192K, used 6197K [0x00000000d5580000, 0x00000000d6200000, 0x0000000100000000)
  eden space 7168K, 72% used [0x00000000d5580000,0x00000000d5a8f068,0x00000000d5c80000)
  from space 1024K, 99% used [0x00000000d6100000,0x00000000d61fe410,0x00000000d6200000)
  to   space 1536K, 0% used [0x00000000d5f00000,0x00000000d5f00000,0x00000000d6080000)
 ParOldGen       total 330752K, used 145044K [0x0000000080000000, 0x0000000094300000, 0x00000000d5580000)
  object space 330752K, 43% used [0x0000000080000000,0x0000000088da51c8,0x0000000094300000)
 Metaspace       used 85478K, committed 87424K, reserved 1179648K
  class space    used 8861K, committed 9728K, reserved 1048576K
GC Heap History (20 events):
Event: 61.987 GC heap before
{Heap before GC invocations=577 (full 4):
 PSYoungGen      total 8704K, used 8537K [0x00000000d5580000, 0x00000000d5f80000, 0x0000000100000000)
  eden space 7680K, 99% used [0x00000000d5580000,0x00000000d5cffb80,0x00000000d5d00000)
  from space 1024K, 83% used [0x00000000d5e80000,0x00000000d5f56900,0x00000000d5f80000)
  to   space 1024K, 0% used [0x00000000d5d80000,0x00000000d5d80000,0x00000000d5e80000)
 ParOldGen       total 330752K, used 137108K [0x0000000080000000, 0x0000000094300000, 0x00000000d5580000)
  object space 330752K, 41% used [0x0000000080000000,0x00000000885e5200,0x0000000094300000)
 Metaspace       used 84923K, committed 86784K, reserved 1179648K
  class space    used 8799K, committed 9600K, reserved 1048576K
}
Event: 61.989 GC heap after
{Heap after GC invocations=577 (full 4):
 PSYoungGen      total 8704K, used 992K [0x00000000d5580000, 0x00000000d5f00000, 0x0000000100000000)
  eden space 7680K, 0% used [0x00000000d5580000,0x00000000d5580000,0x00000000d5d00000)
  from space 1024K, 96% used [0x00000000d5d80000,0x00000000d5e78000,0x00000000d5e80000)
  to   space 512K, 0% used [0x00000000d5e80000,0x00000000d5e80000,0x00000000d5f00000)
 ParOldGen       total 330752K, used 137815K [0x0000000080000000, 0x0000000094300000, 0x00000000d5580000)
  object space 330752K, 41% used [0x0000000080000000,0x0000000088695fe0,0x0000000094300000)
 Metaspace       used 84923K, committed 86784K, reserved 1179648K
  class space    used 8799K, committed 9600K, reserved 1048576K
}
Event: 62.109 GC heap before
{Heap before GC invocations=578 (full 4):
 PSYoungGen      total 8704K, used 8672K [0x00000000d5580000, 0x00000000d5f00000, 0x0000000100000000)
  eden space 7680K, 100% used [0x00000000d5580000,0x00000000d5d00000,0x00000000d5d00000)
  from space 1024K, 96% used [0x00000000d5d80000,0x00000000d5e78000,0x00000000d5e80000)
  to   space 512K, 0% used [0x00000000d5e80000,0x00000000d5e80000,0x00000000d5f00000)
 ParOldGen       total 330752K, used 137815K [0x0000000080000000, 0x0000000094300000, 0x00000000d5580000)
  object space 330752K, 41% used [0x0000000080000000,0x0000000088695fe0,0x0000000094300000)
 Metaspace       used 84923K, committed 86784K, reserved 1179648K
  class space    used 8799K, committed 9600K, reserved 1048576K
}
Event: 62.110 GC heap after
{Heap after GC invocations=578 (full 4):
 PSYoungGen      total 7680K, used 506K [0x00000000d5580000, 0x00000000d6100000, 0x0000000100000000)
  eden space 7168K, 0% used [0x00000000d5580000,0x00000000d5580000,0x00000000d5c80000)
  from space 512K, 98% used [0x00000000d5e80000,0x00000000d5efe900,0x00000000d5f00000)
  to   space 2048K, 0% used [0x00000000d5c80000,0x00000000d5c80000,0x00000000d5e80000)
 ParOldGen       total 330752K, used 138943K [0x0000000080000000, 0x0000000094300000, 0x00000000d5580000)
  object space 330752K, 42% used [0x0000000080000000,0x00000000887afc00,0x0000000094300000)
 Metaspace       used 84923K, committed 86784K, reserved 1179648K
  class space    used 8799K, committed 9600K, reserved 1048576K
}
Event: 62.125 GC heap before
{Heap before GC invocations=579 (full 4):
 PSYoungGen      total 7680K, used 7674K [0x00000000d5580000, 0x00000000d6100000, 0x0000000100000000)
  eden space 7168K, 100% used [0x00000000d5580000,0x00000000d5c80000,0x00000000d5c80000)
  from space 512K, 98% used [0x00000000d5e80000,0x00000000d5efe900,0x00000000d5f00000)
  to   space 2048K, 0% used [0x00000000d5c80000,0x00000000d5c80000,0x00000000d5e80000)
 ParOldGen       total 330752K, used 138943K [0x0000000080000000, 0x0000000094300000, 0x00000000d5580000)
  object space 330752K, 42% used [0x0000000080000000,0x00000000887afc00,0x0000000094300000)
 Metaspace       used 84925K, committed 86784K, reserved 1179648K
  class space    used 8799K, committed 9600K, reserved 1048576K
}
Event: 62.128 GC heap after
{Heap after GC invocations=579 (full 4):
 PSYoungGen      total 8704K, used 1380K [0x00000000d5580000, 0x00000000d5f80000, 0x0000000100000000)
  eden space 7168K, 0% used [0x00000000d5580000,0x00000000d5580000,0x00000000d5c80000)
  from space 1536K, 89% used [0x00000000d5c80000,0x00000000d5dd9210,0x00000000d5e00000)
  to   space 1536K, 0% used [0x00000000d5e00000,0x00000000d5e00000,0x00000000d5f80000)
 ParOldGen       total 330752K, used 139442K [0x0000000080000000, 0x0000000094300000, 0x00000000d5580000)
  object space 330752K, 42% used [0x0000000080000000,0x000000008882c9d0,0x0000000094300000)
 Metaspace       used 84925K, committed 86784K, reserved 1179648K
  class space    used 8799K, committed 9600K, reserved 1048576K
}
Event: 65.834 GC heap before
{Heap before GC invocations=580 (full 4):
 PSYoungGen      total 8704K, used 8548K [0x00000000d5580000, 0x00000000d5f80000, 0x0000000100000000)
  eden space 7168K, 100% used [0x00000000d5580000,0x00000000d5c80000,0x00000000d5c80000)
  from space 1536K, 89% used [0x00000000d5c80000,0x00000000d5dd9210,0x00000000d5e00000)
  to   space 1536K, 0% used [0x00000000d5e00000,0x00000000d5e00000,0x00000000d5f80000)
 ParOldGen       total 330752K, used 139442K [0x0000000080000000, 0x0000000094300000, 0x00000000d5580000)
  object space 330752K, 42% used [0x0000000080000000,0x000000008882c9d0,0x0000000094300000)
 Metaspace       used 84945K, committed 86784K, reserved 1179648K
  class space    used 8800K, committed 9600K, reserved 1048576K
}
Event: 65.838 GC heap after
{Heap after GC invocations=580 (full 4):
 PSYoungGen      total 8192K, used 580K [0x00000000d5580000, 0x00000000d5f00000, 0x0000000100000000)
  eden space 7168K, 0% used [0x00000000d5580000,0x00000000d5580000,0x00000000d5c80000)
  from space 1024K, 56% used [0x00000000d5e00000,0x00000000d5e91210,0x00000000d5f00000)
  to   space 1024K, 0% used [0x00000000d5d00000,0x00000000d5d00000,0x00000000d5e00000)
 ParOldGen       total 330752K, used 139890K [0x0000000080000000, 0x0000000094300000, 0x00000000d5580000)
  object space 330752K, 42% used [0x0000000080000000,0x000000008889c9d0,0x0000000094300000)
 Metaspace       used 84945K, committed 86784K, reserved 1179648K
  class space    used 8800K, committed 9600K, reserved 1048576K
}
Event: 66.257 GC heap before
{Heap before GC invocations=581 (full 4):
 PSYoungGen      total 8192K, used 7748K [0x00000000d5580000, 0x00000000d5f00000, 0x0000000100000000)
  eden space 7168K, 99% used [0x00000000d5580000,0x00000000d5c7ffc0,0x00000000d5c80000)
  from space 1024K, 56% used [0x00000000d5e00000,0x00000000d5e91210,0x00000000d5f00000)
  to   space 1024K, 0% used [0x00000000d5d00000,0x00000000d5d00000,0x00000000d5e00000)
 ParOldGen       total 330752K, used 139890K [0x0000000080000000, 0x0000000094300000, 0x00000000d5580000)
  object space 330752K, 42% used [0x0000000080000000,0x000000008889c9d0,0x0000000094300000)
 Metaspace       used 84976K, committed 86912K, reserved 1179648K
  class space    used 8803K, committed 9664K, reserved 1048576K
}
Event: 66.260 GC heap after
{Heap after GC invocations=581 (full 4):
 PSYoungGen      total 8192K, used 756K [0x00000000d5580000, 0x00000000d5e80000, 0x0000000100000000)
  eden space 7168K, 0% used [0x00000000d5580000,0x00000000d5580000,0x00000000d5c80000)
  from space 1024K, 73% used [0x00000000d5d00000,0x00000000d5dbd200,0x00000000d5e00000)
  to   space 512K, 0% used [0x00000000d5e00000,0x00000000d5e00000,0x00000000d5e80000)
 ParOldGen       total 330752K, used 140318K [0x0000000080000000, 0x0000000094300000, 0x00000000d5580000)
  object space 330752K, 42% used [0x0000000080000000,0x0000000088907be0,0x0000000094300000)
 Metaspace       used 84976K, committed 86912K, reserved 1179648K
  class space    used 8803K, committed 9664K, reserved 1048576K
}
Event: 81.984 GC heap before
{Heap before GC invocations=582 (full 4):
 PSYoungGen      total 8192K, used 7924K [0x00000000d5580000, 0x00000000d5e80000, 0x0000000100000000)
  eden space 7168K, 99% used [0x00000000d5580000,0x00000000d5c7ffe0,0x00000000d5c80000)
  from space 1024K, 73% used [0x00000000d5d00000,0x00000000d5dbd200,0x00000000d5e00000)
  to   space 512K, 0% used [0x00000000d5e00000,0x00000000d5e00000,0x00000000d5e80000)
 ParOldGen       total 330752K, used 140318K [0x0000000080000000, 0x0000000094300000, 0x00000000d5580000)
  object space 330752K, 42% used [0x0000000080000000,0x0000000088907be0,0x0000000094300000)
 Metaspace       used 85236K, committed 87104K, reserved 1179648K
  class space    used 8833K, committed 9664K, reserved 1048576K
}
Event: 81.986 GC heap after
{Heap after GC invocations=582 (full 4):
 PSYoungGen      total 7680K, used 512K [0x00000000d5580000, 0x00000000d5e80000, 0x0000000100000000)
  eden space 7168K, 0% used [0x00000000d5580000,0x00000000d5580000,0x00000000d5c80000)
  from space 512K, 100% used [0x00000000d5e00000,0x00000000d5e80000,0x00000000d5e80000)
  to   space 1024K, 0% used [0x00000000d5c80000,0x00000000d5c80000,0x00000000d5d80000)
 ParOldGen       total 330752K, used 140699K [0x0000000080000000, 0x0000000094300000, 0x00000000d5580000)
  object space 330752K, 42% used [0x0000000080000000,0x0000000088966de0,0x0000000094300000)
 Metaspace       used 85236K, committed 87104K, reserved 1179648K
  class space    used 8833K, committed 9664K, reserved 1048576K
}
Event: 82.221 GC heap before
{Heap before GC invocations=583 (full 4):
 PSYoungGen      total 7680K, used 7093K [0x00000000d5580000, 0x00000000d5e80000, 0x0000000100000000)
  eden space 7168K, 91% used [0x00000000d5580000,0x00000000d5bed7c8,0x00000000d5c80000)
  from space 512K, 100% used [0x00000000d5e00000,0x00000000d5e80000,0x00000000d5e80000)
  to   space 1024K, 0% used [0x00000000d5c80000,0x00000000d5c80000,0x00000000d5d80000)
 ParOldGen       total 330752K, used 140699K [0x0000000080000000, 0x0000000094300000, 0x00000000d5580000)
  object space 330752K, 42% used [0x0000000080000000,0x0000000088966de0,0x0000000094300000)
 Metaspace       used 85353K, committed 87232K, reserved 1179648K
  class space    used 8843K, committed 9664K, reserved 1048576K
}
Event: 82.232 GC heap after
{Heap after GC invocations=583 (full 4):
 PSYoungGen      total 8192K, used 1017K [0x00000000d5580000, 0x00000000d6680000, 0x0000000100000000)
  eden space 7168K, 0% used [0x00000000d5580000,0x00000000d5580000,0x00000000d5c80000)
  from space 1024K, 99% used [0x00000000d5c80000,0x00000000d5d7e540,0x00000000d5d80000)
  to   space 5120K, 0% used [0x00000000d6180000,0x00000000d6180000,0x00000000d6680000)
 ParOldGen       total 330752K, used 143911K [0x0000000080000000, 0x0000000094300000, 0x00000000d5580000)
  object space 330752K, 43% used [0x0000000080000000,0x0000000088c89fb8,0x0000000094300000)
 Metaspace       used 85353K, committed 87232K, reserved 1179648K
  class space    used 8843K, committed 9664K, reserved 1048576K
}
Event: 82.427 GC heap before
{Heap before GC invocations=584 (full 4):
 PSYoungGen      total 8192K, used 8185K [0x00000000d5580000, 0x00000000d6680000, 0x0000000100000000)
  eden space 7168K, 100% used [0x00000000d5580000,0x00000000d5c80000,0x00000000d5c80000)
  from space 1024K, 99% used [0x00000000d5c80000,0x00000000d5d7e540,0x00000000d5d80000)
  to   space 5120K, 0% used [0x00000000d6180000,0x00000000d6180000,0x00000000d6680000)
 ParOldGen       total 330752K, used 143911K [0x0000000080000000, 0x0000000094300000, 0x00000000d5580000)
  object space 330752K, 43% used [0x0000000080000000,0x0000000088c89fb8,0x0000000094300000)
 Metaspace       used 85457K, committed 87424K, reserved 1179648K
  class space    used 8861K, committed 9728K, reserved 1048576K
}
Event: 82.431 GC heap after
{Heap after GC invocations=584 (full 4):
 PSYoungGen      total 8704K, used 1076K [0x00000000d5580000, 0x00000000d6300000, 0x0000000100000000)
  eden space 7168K, 0% used [0x00000000d5580000,0x00000000d5580000,0x00000000d5c80000)
  from space 1536K, 70% used [0x00000000d6180000,0x00000000d628d200,0x00000000d6300000)
  to   space 2560K, 0% used [0x00000000d5e00000,0x00000000d5e00000,0x00000000d6080000)
 ParOldGen       total 330752K, used 144119K [0x0000000080000000, 0x0000000094300000, 0x00000000d5580000)
  object space 330752K, 43% used [0x0000000080000000,0x0000000088cbdfb8,0x0000000094300000)
 Metaspace       used 85457K, committed 87424K, reserved 1179648K
  class space    used 8861K, committed 9728K, reserved 1048576K
}
Event: 82.648 GC heap before
{Heap before GC invocations=585 (full 4):
 PSYoungGen      total 8704K, used 8242K [0x00000000d5580000, 0x00000000d6300000, 0x0000000100000000)
  eden space 7168K, 99% used [0x00000000d5580000,0x00000000d5c7f9c8,0x00000000d5c80000)
  from space 1536K, 70% used [0x00000000d6180000,0x00000000d628d200,0x00000000d6300000)
  to   space 2560K, 0% used [0x00000000d5e00000,0x00000000d5e00000,0x00000000d6080000)
 ParOldGen       total 330752K, used 144119K [0x0000000080000000, 0x0000000094300000, 0x00000000d5580000)
  object space 330752K, 43% used [0x0000000080000000,0x0000000088cbdfb8,0x0000000094300000)
 Metaspace       used 85473K, committed 87424K, reserved 1179648K
  class space    used 8861K, committed 9728K, reserved 1048576K
}
Event: 82.655 GC heap after
{Heap after GC invocations=585 (full 4):
 PSYoungGen      total 9728K, used 384K [0x00000000d5580000, 0x00000000d6200000, 0x0000000100000000)
  eden space 7168K, 0% used [0x00000000d5580000,0x00000000d5580000,0x00000000d5c80000)
  from space 2560K, 15% used [0x00000000d5e00000,0x00000000d5e60000,0x00000000d6080000)
  to   space 1024K, 0% used [0x00000000d6100000,0x00000000d6100000,0x00000000d6200000)
 ParOldGen       total 330752K, used 144916K [0x0000000080000000, 0x0000000094300000, 0x00000000d5580000)
  object space 330752K, 43% used [0x0000000080000000,0x0000000088d851c8,0x0000000094300000)
 Metaspace       used 85473K, committed 87424K, reserved 1179648K
  class space    used 8861K, committed 9728K, reserved 1048576K
}
Event: 84.518 GC heap before
{Heap before GC invocations=586 (full 4):
 PSYoungGen      total 9728K, used 7552K [0x00000000d5580000, 0x00000000d6200000, 0x0000000100000000)
  eden space 7168K, 100% used [0x00000000d5580000,0x00000000d5c80000,0x00000000d5c80000)
  from space 2560K, 15% used [0x00000000d5e00000,0x00000000d5e60000,0x00000000d6080000)
  to   space 1024K, 0% used [0x00000000d6100000,0x00000000d6100000,0x00000000d6200000)
 ParOldGen       total 330752K, used 144916K [0x0000000080000000, 0x0000000094300000, 0x00000000d5580000)
  object space 330752K, 43% used [0x0000000080000000,0x0000000088d851c8,0x0000000094300000)
 Metaspace       used 85474K, committed 87424K, reserved 1179648K
  class space    used 8861K, committed 9728K, reserved 1048576K
}
Event: 84.521 GC heap after
{Heap after GC invocations=586 (full 4):
 PSYoungGen      total 8192K, used 1017K [0x00000000d5580000, 0x00000000d6200000, 0x0000000100000000)
  eden space 7168K, 0% used [0x00000000d5580000,0x00000000d5580000,0x00000000d5c80000)
  from space 1024K, 99% used [0x00000000d6100000,0x00000000d61fe410,0x00000000d6200000)
  to   space 1536K, 0% used [0x00000000d5f00000,0x00000000d5f00000,0x00000000d6080000)
 ParOldGen       total 330752K, used 145044K [0x0000000080000000, 0x0000000094300000, 0x00000000d5580000)
  object space 330752K, 43% used [0x0000000080000000,0x0000000088da51c8,0x0000000094300000)
 Metaspace       used 85474K, committed 87424K, reserved 1179648K
  class space    used 8861K, committed 9728K, reserved 1048576K
}

