# JRE version: OpenJDK Runtime Environment Temurin-21.0.10+7 (21.0.10+7) (build 21.0.10+7-LTS)
# Java VM: OpenJDK 64-Bit Server VM Temurin-21.0.10+7 (21.0.10+7-LTS, mixed mode, sharing, tiered, compressed oops, compressed class ptrs, parallel gc, windows-amd64)
GC Precious Log:
 CardTable entry size: 512
 CPUs: 16 total, 16 available
 Memory: 5996M
 Large Page Support: Disabled
 NUMA Support: Disabled
 Compressed Oops: Enabled (32-bit)
 Alignments: Space 512K, Generation 512K, Heap 2M
 Heap Min Capacity: 100M
 Heap Initial Capacity: 100M
 Heap Max Capacity: 2G
 Pre-touch: Disabled
 Parallel Workers: 13
Heap:
 PSYoungGen      total 8704K, used 2381K [0x00000000d5580000, 0x00000000d5f80000, 0x0000000100000000)
  eden space 7168K, 17% used [0x00000000d5580000,0x00000000d56bb658,0x00000000d5c80000)
  from space 1536K, 72% used [0x00000000d5d00000,0x00000000d5e18000,0x00000000d5e80000)
  to   space 1024K, 0% used [0x00000000d5e80000,0x00000000d5e80000,0x00000000d5f80000)
 ParOldGen       total 645632K, used 505630K [0x0000000080000000, 0x00000000a7680000, 0x00000000d5580000)
  object space 645632K, 78% used [0x0000000080000000,0x000000009edc7bc8,0x00000000a7680000)
 Metaspace       used 98314K, committed 100032K, reserved 1179648K
  class space    used 10174K, committed 10944K, reserved 1048576K
GC Heap History (20 events):
Event: 177490.753 GC heap before
{Heap before GC invocations=1389 (full 5):
 PSYoungGen      total 7168K, used 6107K [0x00000000d5580000, 0x00000000d5e00000, 0x0000000100000000)
  eden space 5632K, 98% used [0x00000000d5580000,0x00000000d5ae6c30,0x00000000d5b00000)
  from space 1536K, 37% used [0x00000000d5b80000,0x00000000d5c10000,0x00000000d5d00000)
  to   space 1024K, 0% used [0x00000000d5d00000,0x00000000d5d00000,0x00000000d5e00000)
 ParOldGen       total 645632K, used 500633K [0x0000000080000000, 0x00000000a7680000, 0x00000000d5580000)
  object space 645632K, 77% used [0x0000000080000000,0x000000009e8e65b8,0x00000000a7680000)
 Metaspace       used 98292K, committed 99968K, reserved 1179648K
  class space    used 10174K, committed 10944K, reserved 1048576K
}
Event: 177490.755 GC heap after
{Heap after GC invocations=1389 (full 5):
 PSYoungGen      total 7680K, used 416K [0x00000000d5580000, 0x00000000d5d80000, 0x0000000100000000)
  eden space 7168K, 0% used [0x00000000d5580000,0x00000000d5580000,0x00000000d5c80000)
  from space 512K, 81% used [0x00000000d5d00000,0x00000000d5d68000,0x00000000d5d80000)
  to   space 512K, 0% used [0x00000000d5c80000,0x00000000d5c80000,0x00000000d5d00000)
 ParOldGen       total 645632K, used 501017K [0x0000000080000000, 0x00000000a7680000, 0x00000000d5580000)
  object space 645632K, 77% used [0x0000000080000000,0x000000009e9465b8,0x00000000a7680000)
 Metaspace       used 98292K, committed 99968K, reserved 1179648K
  class space    used 10174K, committed 10944K, reserved 1048576K
}
Event: 177491.802 GC heap before
{Heap before GC invocations=1390 (full 5):
 PSYoungGen      total 7680K, used 7556K [0x00000000d5580000, 0x00000000d5d80000, 0x0000000100000000)
  eden space 7168K, 99% used [0x00000000d5580000,0x00000000d5c790b8,0x00000000d5c80000)
  from space 512K, 81% used [0x00000000d5d00000,0x00000000d5d68000,0x00000000d5d80000)
  to   space 512K, 0% used [0x00000000d5c80000,0x00000000d5c80000,0x00000000d5d00000)
 ParOldGen       total 645632K, used 501017K [0x0000000080000000, 0x00000000a7680000, 0x00000000d5580000)
  object space 645632K, 77% used [0x0000000080000000,0x000000009e9465b8,0x00000000a7680000)
 Metaspace       used 98292K, committed 99968K, reserved 1179648K
  class space    used 10174K, committed 10944K, reserved 1048576K
}
Event: 177491.811 GC heap after
{Heap after GC invocations=1390 (full 5):
 PSYoungGen      total 7680K, used 485K [0x00000000d5580000, 0x00000000d6380000, 0x0000000100000000)
  eden space 7168K, 0% used [0x00000000d5580000,0x00000000d5580000,0x00000000d5c80000)
  from space 512K, 94% used [0x00000000d5c80000,0x00000000d5cf96f0,0x00000000d5d00000)
  to   space 3584K, 0% used [0x00000000d6000000,0x00000000d6000000,0x00000000d6380000)
 ParOldGen       total 645632K, used 503390K [0x0000000080000000, 0x00000000a7680000, 0x00000000d5580000)
  object space 645632K, 77% used [0x0000000080000000,0x000000009eb978b8,0x00000000a7680000)
 Metaspace       used 98292K, committed 99968K, reserved 1179648K
  class space    used 10174K, committed 10944K, reserved 1048576K
}
Event: 177497.517 GC heap before
{Heap before GC invocations=1391 (full 5):
 PSYoungGen      total 7680K, used 7653K [0x00000000d5580000, 0x00000000d6380000, 0x0000000100000000)
  eden space 7168K, 100% used [0x00000000d5580000,0x00000000d5c80000,0x00000000d5c80000)
  from space 512K, 94% used [0x00000000d5c80000,0x00000000d5cf96f0,0x00000000d5d00000)
  to   space 3584K, 0% used [0x00000000d6000000,0x00000000d6000000,0x00000000d6380000)
 ParOldGen       total 645632K, used 503390K [0x0000000080000000, 0x00000000a7680000, 0x00000000d5580000)
  object space 645632K, 77% used [0x0000000080000000,0x000000009eb978b8,0x00000000a7680000)
 Metaspace       used 98292K, committed 99968K, reserved 1179648K
  class space    used 10174K, committed 10944K, reserved 1048576K
}
Event: 177497.520 GC heap after
{Heap after GC invocations=1391 (full 5):
 PSYoungGen      total 8192K, used 933K [0x00000000d5580000, 0x00000000d6100000, 0x0000000100000000)
  eden space 7168K, 0% used [0x00000000d5580000,0x00000000d5580000,0x00000000d5c80000)
  from space 1024K, 91% used [0x00000000d6000000,0x00000000d60e9728,0x00000000d6100000)
  to   space 2048K, 0% used [0x00000000d5d00000,0x00000000d5d00000,0x00000000d5f00000)
 ParOldGen       total 645632K, used 503478K [0x0000000080000000, 0x00000000a7680000, 0x00000000d5580000)
  object space 645632K, 77% used [0x0000000080000000,0x000000009ebad8b8,0x00000000a7680000)
 Metaspace       used 98292K, committed 99968K, reserved 1179648K
  class space    used 10174K, committed 10944K, reserved 1048576K
}
Event: 177497.534 GC heap before
{Heap before GC invocations=1392 (full 5):
 PSYoungGen      total 8192K, used 8101K [0x00000000d5580000, 0x00000000d6100000, 0x0000000100000000)
  eden space 7168K, 100% used [0x00000000d5580000,0x00000000d5c80000,0x00000000d5c80000)
  from space 1024K, 91% used [0x00000000d6000000,0x00000000d60e9728,0x00000000d6100000)
  to   space 2048K, 0% used [0x00000000d5d00000,0x00000000d5d00000,0x00000000d5f00000)
 ParOldGen       total 645632K, used 503478K [0x0000000080000000, 0x00000000a7680000, 0x00000000d5580000)
  object space 645632K, 77% used [0x0000000080000000,0x000000009ebad8b8,0x00000000a7680000)
 Metaspace       used 98292K, committed 99968K, reserved 1179648K
  class space    used 10174K, committed 10944K, reserved 1048576K
}
Event: 177497.535 GC heap after
{Heap after GC invocations=1392 (full 5):
 PSYoungGen      total 9216K, used 741K [0x00000000d5580000, 0x00000000d6080000, 0x0000000100000000)
  eden space 7168K, 0% used [0x00000000d5580000,0x00000000d5580000,0x00000000d5c80000)
  from space 2048K, 36% used [0x00000000d5d00000,0x00000000d5db9718,0x00000000d5f00000)
  to   space 1024K, 0% used [0x00000000d5f80000,0x00000000d5f80000,0x00000000d6080000)
 ParOldGen       total 645632K, used 503702K [0x0000000080000000, 0x00000000a7680000, 0x00000000d5580000)
  object space 645632K, 78% used [0x0000000080000000,0x000000009ebe58c8,0x00000000a7680000)
 Metaspace       used 98292K, committed 99968K, reserved 1179648K
  class space    used 10174K, committed 10944K, reserved 1048576K
}
Event: 177498.247 GC heap before
{Heap before GC invocations=1393 (full 5):
 PSYoungGen      total 9216K, used 7909K [0x00000000d5580000, 0x00000000d6080000, 0x0000000100000000)
  eden space 7168K, 100% used [0x00000000d5580000,0x00000000d5c80000,0x00000000d5c80000)
  from space 2048K, 36% used [0x00000000d5d00000,0x00000000d5db9718,0x00000000d5f00000)
  to   space 1024K, 0% used [0x00000000d5f80000,0x00000000d5f80000,0x00000000d6080000)
 ParOldGen       total 645632K, used 503702K [0x0000000080000000, 0x00000000a7680000, 0x00000000d5580000)
  object space 645632K, 78% used [0x0000000080000000,0x000000009ebe58c8,0x00000000a7680000)
 Metaspace       used 98292K, committed 99968K, reserved 1179648K
  class space    used 10174K, committed 10944K, reserved 1048576K
}
Event: 177498.247 GC heap after
{Heap after GC invocations=1393 (full 5):
 PSYoungGen      total 8192K, used 721K [0x00000000d5580000, 0x00000000d6080000, 0x0000000100000000)
  eden space 7168K, 0% used [0x00000000d5580000,0x00000000d5580000,0x00000000d5c80000)
  from space 1024K, 70% used [0x00000000d5f80000,0x00000000d6034518,0x00000000d6080000)
  to   space 1024K, 0% used [0x00000000d5e80000,0x00000000d5e80000,0x00000000d5f80000)
 ParOldGen       total 645632K, used 503702K [0x0000000080000000, 0x00000000a7680000, 0x00000000d5580000)
  object space 645632K, 78% used [0x0000000080000000,0x000000009ebe58c8,0x00000000a7680000)
 Metaspace       used 98292K, committed 99968K, reserved 1179648K
  class space    used 10174K, committed 10944K, reserved 1048576K
}
Event: 177498.259 GC heap before
{Heap before GC invocations=1394 (full 5):
 PSYoungGen      total 8192K, used 7889K [0x00000000d5580000, 0x00000000d6080000, 0x0000000100000000)
  eden space 7168K, 99% used [0x00000000d5580000,0x00000000d5c7fff0,0x00000000d5c80000)
  from space 1024K, 70% used [0x00000000d5f80000,0x00000000d6034518,0x00000000d6080000)
  to   space 1024K, 0% used [0x00000000d5e80000,0x00000000d5e80000,0x00000000d5f80000)
 ParOldGen       total 645632K, used 503702K [0x0000000080000000, 0x00000000a7680000, 0x00000000d5580000)
  object space 645632K, 78% used [0x0000000080000000,0x000000009ebe58c8,0x00000000a7680000)
 Metaspace       used 98292K, committed 99968K, reserved 1179648K
  class space    used 10174K, committed 10944K, reserved 1048576K
}
Event: 177498.260 GC heap after
{Heap after GC invocations=1394 (full 5):
 PSYoungGen      total 8192K, used 762K [0x00000000d5580000, 0x00000000d6000000, 0x0000000100000000)
  eden space 7168K, 0% used [0x00000000d5580000,0x00000000d5580000,0x00000000d5c80000)
  from space 1024K, 74% used [0x00000000d5e80000,0x00000000d5f3e900,0x00000000d5f80000)
  to   space 512K, 0% used [0x00000000d5f80000,0x00000000d5f80000,0x00000000d6000000)
 ParOldGen       total 645632K, used 503726K [0x0000000080000000, 0x00000000a7680000, 0x00000000d5580000)
  object space 645632K, 78% used [0x0000000080000000,0x000000009ebeb8c8,0x00000000a7680000)
 Metaspace       used 98292K, committed 99968K, reserved 1179648K
  class space    used 10174K, committed 10944K, reserved 1048576K
}
Event: 177503.470 GC heap before
{Heap before GC invocations=1395 (full 5):
 PSYoungGen      total 8192K, used 7930K [0x00000000d5580000, 0x00000000d6000000, 0x0000000100000000)
  eden space 7168K, 100% used [0x00000000d5580000,0x00000000d5c80000,0x00000000d5c80000)
  from space 1024K, 74% used [0x00000000d5e80000,0x00000000d5f3e900,0x00000000d5f80000)
  to   space 512K, 0% used [0x00000000d5f80000,0x00000000d5f80000,0x00000000d6000000)
 ParOldGen       total 645632K, used 503726K [0x0000000080000000, 0x00000000a7680000, 0x00000000d5580000)
  object space 645632K, 78% used [0x0000000080000000,0x000000009ebeb8c8,0x00000000a7680000)
 Metaspace       used 98295K, committed 99968K, reserved 1179648K
  class space    used 10174K, committed 10944K, reserved 1048576K
}
Event: 177503.472 GC heap after
{Heap after GC invocations=1395 (full 5):
 PSYoungGen      total 7680K, used 500K [0x00000000d5580000, 0x00000000d6000000, 0x0000000100000000)
  eden space 7168K, 0% used [0x00000000d5580000,0x00000000d5580000,0x00000000d5c80000)
  from space 512K, 97% used [0x00000000d5f80000,0x00000000d5ffd200,0x00000000d6000000)
  to   space 1024K, 0% used [0x00000000d5e00000,0x00000000d5e00000,0x00000000d5f00000)
 ParOldGen       total 645632K, used 503743K [0x0000000080000000, 0x00000000a7680000, 0x00000000d5580000)
  object space 645632K, 78% used [0x0000000080000000,0x000000009ebefdc8,0x00000000a7680000)
 Metaspace       used 98295K, committed 99968K, reserved 1179648K
  class space    used 10174K, committed 10944K, reserved 1048576K
}
Event: 177503.482 GC heap before
{Heap before GC invocations=1396 (full 5):
 PSYoungGen      total 7680K, used 7668K [0x00000000d5580000, 0x00000000d6000000, 0x0000000100000000)
  eden space 7168K, 100% used [0x00000000d5580000,0x00000000d5c80000,0x00000000d5c80000)
  from space 512K, 97% used [0x00000000d5f80000,0x00000000d5ffd200,0x00000000d6000000)
  to   space 1024K, 0% used [0x00000000d5e00000,0x00000000d5e00000,0x00000000d5f00000)
 ParOldGen       total 645632K, used 503743K [0x0000000080000000, 0x00000000a7680000, 0x00000000d5580000)
  object space 645632K, 78% used [0x0000000080000000,0x000000009ebefdc8,0x00000000a7680000)
 Metaspace       used 98295K, committed 99968K, reserved 1179648K
  class space    used 10174K, committed 10944K, reserved 1048576K
}
Event: 177503.486 GC heap after
{Heap after GC invocations=1396 (full 5):
 PSYoungGen      total 8192K, used 1024K [0x00000000d5580000, 0x00000000d6000000, 0x0000000100000000)
  eden space 7168K, 0% used [0x00000000d5580000,0x00000000d5580000,0x00000000d5c80000)
  from space 1024K, 100% used [0x00000000d5e00000,0x00000000d5f00000,0x00000000d5f00000)
  to   space 1024K, 0% used [0x00000000d5f00000,0x00000000d5f00000,0x00000000d6000000)
 ParOldGen       total 645632K, used 504049K [0x0000000080000000, 0x00000000a7680000, 0x00000000d5580000)
  object space 645632K, 78% used [0x0000000080000000,0x000000009ec3c410,0x00000000a7680000)
 Metaspace       used 98295K, committed 99968K, reserved 1179648K
  class space    used 10174K, committed 10944K, reserved 1048576K
}
Event: 177503.515 GC heap before
{Heap before GC invocations=1397 (full 5):
 PSYoungGen      total 8192K, used 8192K [0x00000000d5580000, 0x00000000d6000000, 0x0000000100000000)
  eden space 7168K, 100% used [0x00000000d5580000,0x00000000d5c80000,0x00000000d5c80000)
  from space 1024K, 100% used [0x00000000d5e00000,0x00000000d5f00000,0x00000000d5f00000)
  to   space 1024K, 0% used [0x00000000d5f00000,0x00000000d5f00000,0x00000000d6000000)
 ParOldGen       total 645632K, used 504049K [0x0000000080000000, 0x00000000a7680000, 0x00000000d5580000)
  object space 645632K, 78% used [0x0000000080000000,0x000000009ec3c410,0x00000000a7680000)
 Metaspace       used 98304K, committed 99968K, reserved 1179648K
  class space    used 10174K, committed 10944K, reserved 1048576K
}
Event: 177503.519 GC heap after
{Heap after GC invocations=1397 (full 5):
 PSYoungGen      total 8192K, used 860K [0x00000000d5580000, 0x00000000d6000000, 0x0000000100000000)
  eden space 7168K, 0% used [0x00000000d5580000,0x00000000d5580000,0x00000000d5c80000)
  from space 1024K, 84% used [0x00000000d5f00000,0x00000000d5fd7300,0x00000000d6000000)
  to   space 1536K, 0% used [0x00000000d5d00000,0x00000000d5d00000,0x00000000d5e80000)
 ParOldGen       total 645632K, used 504977K [0x0000000080000000, 0x00000000a7680000, 0x00000000d5580000)
  object space 645632K, 78% used [0x0000000080000000,0x000000009ed24410,0x00000000a7680000)
 Metaspace       used 98304K, committed 99968K, reserved 1179648K
  class space    used 10174K, committed 10944K, reserved 1048576K
}
Event: 177503.532 GC heap before
{Heap before GC invocations=1398 (full 5):
 PSYoungGen      total 8192K, used 8028K [0x00000000d5580000, 0x00000000d6000000, 0x0000000100000000)
  eden space 7168K, 100% used [0x00000000d5580000,0x00000000d5c80000,0x00000000d5c80000)
  from space 1024K, 84% used [0x00000000d5f00000,0x00000000d5fd7300,0x00000000d6000000)
  to   space 1536K, 0% used [0x00000000d5d00000,0x00000000d5d00000,0x00000000d5e80000)
 ParOldGen       total 645632K, used 504977K [0x0000000080000000, 0x00000000a7680000, 0x00000000d5580000)
  object space 645632K, 78% used [0x0000000080000000,0x000000009ed24410,0x00000000a7680000)
 Metaspace       used 98314K, committed 100032K, reserved 1179648K
  class space    used 10174K, committed 10944K, reserved 1048576K
}
Event: 177503.534 GC heap after
{Heap after GC invocations=1398 (full 5):
 PSYoungGen      total 8704K, used 1120K [0x00000000d5580000, 0x00000000d5f80000, 0x0000000100000000)
  eden space 7168K, 0% used [0x00000000d5580000,0x00000000d5580000,0x00000000d5c80000)
  from space 1536K, 72% used [0x00000000d5d00000,0x00000000d5e18000,0x00000000d5e80000)
  to   space 1024K, 0% used [0x00000000d5e80000,0x00000000d5e80000,0x00000000d5f80000)
 ParOldGen       total 645632K, used 505630K [0x0000000080000000, 0x00000000a7680000, 0x00000000d5580000)
  object space 645632K, 78% used [0x0000000080000000,0x000000009edc7bc8,0x00000000a7680000)
 Metaspace       used 98314K, committed 100032K, reserved 1179648K
  class space    used 10174K, committed 10944K, reserved 1048576K
}

