# JRE version: OpenJDK Runtime Environment Temurin-21.0.10+7 (21.0.10+7) (build 21.0.10+7-LTS)
# Java VM: OpenJDK 64-Bit Server VM Temurin-21.0.10+7 (21.0.10+7-LTS, mixed mode, sharing, tiered, compressed oops, compressed class ptrs, parallel gc, windows-amd64)
GC Precious Log:
 CardTable entry size: 512
 CPUs: 16 total, 16 available
 Memory: 5996M
 Large Page Support: Disabled
 NUMA Support: Disabled
 Compressed Oops: Enabled (32-bit)
 Alignments: Space 512K, Generation 512K, Heap 2M
 Heap Min Capacity: 100M
 Heap Initial Capacity: 100M
 Heap Max Capacity: 2G
 Pre-touch: Disabled
 Parallel Workers: 13
Heap:
 PSYoungGen      total 16896K, used 5969K [0x00000000d5580000, 0x00000000d6800000, 0x0000000100000000)
  eden space 15872K, 31% used [0x00000000d5580000,0x00000000d5a647b0,0x00000000d6500000)
  from space 1024K, 93% used [0x00000000d6500000,0x00000000d65f0000,0x00000000d6600000)
  to   space 1536K, 0% used [0x00000000d6680000,0x00000000d6680000,0x00000000d6800000)
 ParOldGen       total 95232K, used 94875K [0x0000000080000000, 0x0000000085d00000, 0x00000000d5580000)
  object space 95232K, 99% used [0x0000000080000000,0x0000000085ca6d90,0x0000000085d00000)
 Metaspace       used 70873K, committed 72512K, reserved 1114112K
  class space    used 7605K, committed 8320K, reserved 1048576K
GC Heap History (20 events):
Event: 10.855 GC heap before
{Heap before GC invocations=143 (full 3):
 PSYoungGen      total 16896K, used 16880K [0x00000000d5580000, 0x00000000d6880000, 0x0000000100000000)
  eden space 16384K, 100% used [0x00000000d5580000,0x00000000d6580000,0x00000000d6580000)
  from space 512K, 96% used [0x00000000d6600000,0x00000000d667c010,0x00000000d6680000)
  to   space 1536K, 0% used [0x00000000d6700000,0x00000000d6700000,0x00000000d6880000)
 ParOldGen       total 87552K, used 87242K [0x0000000080000000, 0x0000000085580000, 0x00000000d5580000)
  object space 87552K, 99% used [0x0000000080000000,0x0000000085532b28,0x0000000085580000)
 Metaspace       used 61469K, committed 62976K, reserved 1114112K
  class space    used 6514K, committed 7168K, reserved 1048576K
}
Event: 10.857 GC heap after
{Heap after GC invocations=143 (full 3):
 PSYoungGen      total 17408K, used 1446K [0x00000000d5580000, 0x00000000d6980000, 0x0000000100000000)
  eden space 15872K, 0% used [0x00000000d5580000,0x00000000d5580000,0x00000000d6500000)
  from space 1536K, 94% used [0x00000000d6700000,0x00000000d6869878,0x00000000d6880000)
  to   space 2048K, 0% used [0x00000000d6500000,0x00000000d6500000,0x00000000d6700000)
 ParOldGen       total 88064K, used 87610K [0x0000000080000000, 0x0000000085600000, 0x00000000d5580000)
  object space 88064K, 99% used [0x0000000080000000,0x000000008558eb38,0x0000000085600000)
 Metaspace       used 61469K, committed 62976K, reserved 1114112K
  class space    used 6514K, committed 7168K, reserved 1048576K
}
Event: 10.924 GC heap before
{Heap before GC invocations=144 (full 3):
 PSYoungGen      total 17408K, used 17313K [0x00000000d5580000, 0x00000000d6980000, 0x0000000100000000)
  eden space 15872K, 99% used [0x00000000d5580000,0x00000000d64fecd0,0x00000000d6500000)
  from space 1536K, 94% used [0x00000000d6700000,0x00000000d6869878,0x00000000d6880000)
  to   space 2048K, 0% used [0x00000000d6500000,0x00000000d6500000,0x00000000d6700000)
 ParOldGen       total 88064K, used 87610K [0x0000000080000000, 0x0000000085600000, 0x00000000d5580000)
  object space 88064K, 99% used [0x0000000080000000,0x000000008558eb38,0x0000000085600000)
 Metaspace       used 62413K, committed 63872K, reserved 1114112K
  class space    used 6652K, committed 7296K, reserved 1048576K
}
Event: 10.926 GC heap after
{Heap after GC invocations=144 (full 3):
 PSYoungGen      total 17920K, used 2028K [0x00000000d5580000, 0x00000000d6d00000, 0x0000000100000000)
  eden space 15872K, 0% used [0x00000000d5580000,0x00000000d5580000,0x00000000d6500000)
  from space 2048K, 99% used [0x00000000d6500000,0x00000000d66fb2e8,0x00000000d6700000)
  to   space 4096K, 0% used [0x00000000d6900000,0x00000000d6900000,0x00000000d6d00000)
 ParOldGen       total 89088K, used 89008K [0x0000000080000000, 0x0000000085700000, 0x00000000d5580000)
  object space 89088K, 99% used [0x0000000080000000,0x00000000856ec250,0x0000000085700000)
 Metaspace       used 62413K, committed 63872K, reserved 1114112K
  class space    used 6652K, committed 7296K, reserved 1048576K
}
Event: 10.961 GC heap before
{Heap before GC invocations=145 (full 3):
 PSYoungGen      total 17920K, used 17778K [0x00000000d5580000, 0x00000000d6d00000, 0x0000000100000000)
  eden space 15872K, 99% used [0x00000000d5580000,0x00000000d64e1568,0x00000000d6500000)
  from space 2048K, 99% used [0x00000000d6500000,0x00000000d66fb2e8,0x00000000d6700000)
  to   space 4096K, 0% used [0x00000000d6900000,0x00000000d6900000,0x00000000d6d00000)
 ParOldGen       total 89088K, used 89008K [0x0000000080000000, 0x0000000085700000, 0x00000000d5580000)
  object space 89088K, 99% used [0x0000000080000000,0x00000000856ec250,0x0000000085700000)
 Metaspace       used 62634K, committed 64192K, reserved 1114112K
  class space    used 6667K, committed 7360K, reserved 1048576K
}
Event: 10.964 GC heap after
{Heap after GC invocations=145 (full 3):
 PSYoungGen      total 17408K, used 1258K [0x00000000d5580000, 0x00000000d6a80000, 0x0000000100000000)
  eden space 15872K, 0% used [0x00000000d5580000,0x00000000d5580000,0x00000000d6500000)
  from space 1536K, 81% used [0x00000000d6900000,0x00000000d6a3a8d0,0x00000000d6a80000)
  to   space 2048K, 0% used [0x00000000d6680000,0x00000000d6680000,0x00000000d6880000)
 ParOldGen       total 90624K, used 90545K [0x0000000080000000, 0x0000000085880000, 0x00000000d5580000)
  object space 90624K, 99% used [0x0000000080000000,0x000000008586c620,0x0000000085880000)
 Metaspace       used 62634K, committed 64192K, reserved 1114112K
  class space    used 6667K, committed 7360K, reserved 1048576K
}
Event: 10.987 GC heap before
{Heap before GC invocations=146 (full 3):
 PSYoungGen      total 17408K, used 17130K [0x00000000d5580000, 0x00000000d6a80000, 0x0000000100000000)
  eden space 15872K, 100% used [0x00000000d5580000,0x00000000d6500000,0x00000000d6500000)
  from space 1536K, 81% used [0x00000000d6900000,0x00000000d6a3a8d0,0x00000000d6a80000)
  to   space 2048K, 0% used [0x00000000d6680000,0x00000000d6680000,0x00000000d6880000)
 ParOldGen       total 90624K, used 90545K [0x0000000080000000, 0x0000000085880000, 0x00000000d5580000)
  object space 90624K, 99% used [0x0000000080000000,0x000000008586c620,0x0000000085880000)
 Metaspace       used 62671K, committed 64256K, reserved 1114112K
  class space    used 6667K, committed 7360K, reserved 1048576K
}
Event: 10.989 GC heap after
{Heap after GC invocations=146 (full 3):
 PSYoungGen      total 17408K, used 1209K [0x00000000d5580000, 0x00000000d6980000, 0x0000000100000000)
  eden space 15872K, 0% used [0x00000000d5580000,0x00000000d5580000,0x00000000d6500000)
  from space 1536K, 78% used [0x00000000d6680000,0x00000000d67ae730,0x00000000d6800000)
  to   space 1536K, 0% used [0x00000000d6800000,0x00000000d6800000,0x00000000d6980000)
 ParOldGen       total 91136K, used 90742K [0x0000000080000000, 0x0000000085900000, 0x00000000d5580000)
  object space 91136K, 99% used [0x0000000080000000,0x000000008589d820,0x0000000085900000)
 Metaspace       used 62671K, committed 64256K, reserved 1114112K
  class space    used 6667K, committed 7360K, reserved 1048576K
}
Event: 11.056 GC heap before
{Heap before GC invocations=147 (full 3):
 PSYoungGen      total 17408K, used 17081K [0x00000000d5580000, 0x00000000d6980000, 0x0000000100000000)
  eden space 15872K, 100% used [0x00000000d5580000,0x00000000d6500000,0x00000000d6500000)
  from space 1536K, 78% used [0x00000000d6680000,0x00000000d67ae730,0x00000000d6800000)
  to   space 1536K, 0% used [0x00000000d6800000,0x00000000d6800000,0x00000000d6980000)
 ParOldGen       total 91136K, used 90742K [0x0000000080000000, 0x0000000085900000, 0x00000000d5580000)
  object space 91136K, 99% used [0x0000000080000000,0x000000008589d820,0x0000000085900000)
 Metaspace       used 63705K, committed 65280K, reserved 1114112K
  class space    used 6760K, committed 7424K, reserved 1048576K
}
Event: 11.057 GC heap after
{Heap after GC invocations=147 (full 3):
 PSYoungGen      total 16896K, used 722K [0x00000000d5580000, 0x00000000d6900000, 0x0000000100000000)
  eden space 15872K, 0% used [0x00000000d5580000,0x00000000d5580000,0x00000000d6500000)
  from space 1024K, 70% used [0x00000000d6800000,0x00000000d68b4bf8,0x00000000d6900000)
  to   space 1024K, 0% used [0x00000000d6700000,0x00000000d6700000,0x00000000d6800000)
 ParOldGen       total 91648K, used 91230K [0x0000000080000000, 0x0000000085980000, 0x00000000d5580000)
  object space 91648K, 99% used [0x0000000080000000,0x0000000085917830,0x0000000085980000)
 Metaspace       used 63705K, committed 65280K, reserved 1114112K
  class space    used 6760K, committed 7424K, reserved 1048576K
}
Event: 11.158 GC heap before
{Heap before GC invocations=148 (full 3):
 PSYoungGen      total 16896K, used 16594K [0x00000000d5580000, 0x00000000d6900000, 0x0000000100000000)
  eden space 15872K, 100% used [0x00000000d5580000,0x00000000d6500000,0x00000000d6500000)
  from space 1024K, 70% used [0x00000000d6800000,0x00000000d68b4bf8,0x00000000d6900000)
  to   space 1024K, 0% used [0x00000000d6700000,0x00000000d6700000,0x00000000d6800000)
 ParOldGen       total 91648K, used 91230K [0x0000000080000000, 0x0000000085980000, 0x00000000d5580000)
  object space 91648K, 99% used [0x0000000080000000,0x0000000085917830,0x0000000085980000)
 Metaspace       used 64742K, committed 66240K, reserved 1114112K
  class space    used 6858K, committed 7488K, reserved 1048576K
}
Event: 11.159 GC heap after
{Heap after GC invocations=148 (full 3):
 PSYoungGen      total 16896K, used 1000K [0x00000000d5580000, 0x00000000d6900000, 0x0000000100000000)
  eden space 15872K, 0% used [0x00000000d5580000,0x00000000d5580000,0x00000000d6500000)
  from space 1024K, 97% used [0x00000000d6700000,0x00000000d67fa230,0x00000000d6800000)
  to   space 1024K, 0% used [0x00000000d6800000,0x00000000d6800000,0x00000000d6900000)
 ParOldGen       total 92160K, used 91834K [0x0000000080000000, 0x0000000085a00000, 0x00000000d5580000)
  object space 92160K, 99% used [0x0000000080000000,0x00000000859aea60,0x0000000085a00000)
 Metaspace       used 64742K, committed 66240K, reserved 1114112K
  class space    used 6858K, committed 7488K, reserved 1048576K
}
Event: 11.324 GC heap before
{Heap before GC invocations=149 (full 3):
 PSYoungGen      total 16896K, used 16872K [0x00000000d5580000, 0x00000000d6900000, 0x0000000100000000)
  eden space 15872K, 100% used [0x00000000d5580000,0x00000000d6500000,0x00000000d6500000)
  from space 1024K, 97% used [0x00000000d6700000,0x00000000d67fa230,0x00000000d6800000)
  to   space 1024K, 0% used [0x00000000d6800000,0x00000000d6800000,0x00000000d6900000)
 ParOldGen       total 92160K, used 91834K [0x0000000080000000, 0x0000000085a00000, 0x00000000d5580000)
  object space 92160K, 99% used [0x0000000080000000,0x00000000859aea60,0x0000000085a00000)
 Metaspace       used 66981K, committed 68480K, reserved 1114112K
  class space    used 7089K, committed 7744K, reserved 1048576K
}
Event: 11.326 GC heap after
{Heap after GC invocations=149 (full 3):
 PSYoungGen      total 16896K, used 1001K [0x00000000d5580000, 0x00000000d6a00000, 0x0000000100000000)
  eden space 15872K, 0% used [0x00000000d5580000,0x00000000d5580000,0x00000000d6500000)
  from space 1024K, 97% used [0x00000000d6800000,0x00000000d68fa460,0x00000000d6900000)
  to   space 2560K, 0% used [0x00000000d6500000,0x00000000d6500000,0x00000000d6780000)
 ParOldGen       total 93184K, used 93105K [0x0000000080000000, 0x0000000085b00000, 0x00000000d5580000)
  object space 93184K, 99% used [0x0000000080000000,0x0000000085aec7d0,0x0000000085b00000)
 Metaspace       used 66981K, committed 68480K, reserved 1114112K
  class space    used 7089K, committed 7744K, reserved 1048576K
}
Event: 11.385 GC heap before
{Heap before GC invocations=150 (full 3):
 PSYoungGen      total 16896K, used 16873K [0x00000000d5580000, 0x00000000d6a00000, 0x0000000100000000)
  eden space 15872K, 100% used [0x00000000d5580000,0x00000000d6500000,0x00000000d6500000)
  from space 1024K, 97% used [0x00000000d6800000,0x00000000d68fa460,0x00000000d6900000)
  to   space 2560K, 0% used [0x00000000d6500000,0x00000000d6500000,0x00000000d6780000)
 ParOldGen       total 93184K, used 93105K [0x0000000080000000, 0x0000000085b00000, 0x00000000d5580000)
  object space 93184K, 99% used [0x0000000080000000,0x0000000085aec7d0,0x0000000085b00000)
 Metaspace       used 68158K, committed 69632K, reserved 1114112K
  class space    used 7220K, committed 7872K, reserved 1048576K
}
Event: 11.386 GC heap after
{Heap after GC invocations=150 (full 3):
 PSYoungGen      total 16896K, used 592K [0x00000000d5580000, 0x00000000d6880000, 0x0000000100000000)
  eden space 15872K, 0% used [0x00000000d5580000,0x00000000d5580000,0x00000000d6500000)
  from space 1024K, 57% used [0x00000000d6500000,0x00000000d6594010,0x00000000d6600000)
  to   space 1536K, 0% used [0x00000000d6700000,0x00000000d6700000,0x00000000d6880000)
 ParOldGen       total 94208K, used 94075K [0x0000000080000000, 0x0000000085c00000, 0x00000000d5580000)
  object space 94208K, 99% used [0x0000000080000000,0x0000000085bded60,0x0000000085c00000)
 Metaspace       used 68158K, committed 69632K, reserved 1114112K
  class space    used 7220K, committed 7872K, reserved 1048576K
}
Event: 11.475 GC heap before
{Heap before GC invocations=151 (full 3):
 PSYoungGen      total 16896K, used 16464K [0x00000000d5580000, 0x00000000d6880000, 0x0000000100000000)
  eden space 15872K, 100% used [0x00000000d5580000,0x00000000d6500000,0x00000000d6500000)
  from space 1024K, 57% used [0x00000000d6500000,0x00000000d6594010,0x00000000d6600000)
  to   space 1536K, 0% used [0x00000000d6700000,0x00000000d6700000,0x00000000d6880000)
 ParOldGen       total 94208K, used 94075K [0x0000000080000000, 0x0000000085c00000, 0x00000000d5580000)
  object space 94208K, 99% used [0x0000000080000000,0x0000000085bded60,0x0000000085c00000)
 Metaspace       used 69784K, committed 71360K, reserved 1114112K
  class space    used 7497K, committed 8192K, reserved 1048576K
}
Event: 11.476 GC heap after
{Heap after GC invocations=151 (full 3):
 PSYoungGen      total 16896K, used 608K [0x00000000d5580000, 0x00000000d6800000, 0x0000000100000000)
  eden space 15872K, 0% used [0x00000000d5580000,0x00000000d5580000,0x00000000d6500000)
  from space 1024K, 59% used [0x00000000d6700000,0x00000000d6798000,0x00000000d6800000)
  to   space 1024K, 0% used [0x00000000d6500000,0x00000000d6500000,0x00000000d6600000)
 ParOldGen       total 94720K, used 94483K [0x0000000080000000, 0x0000000085c80000, 0x00000000d5580000)
  object space 94720K, 99% used [0x0000000080000000,0x0000000085c44d90,0x0000000085c80000)
 Metaspace       used 69784K, committed 71360K, reserved 1114112K
  class space    used 7497K, committed 8192K, reserved 1048576K
}
Event: 19408.778 GC heap before
{Heap before GC invocations=152 (full 3):
 PSYoungGen      total 16896K, used 16480K [0x00000000d5580000, 0x00000000d6800000, 0x0000000100000000)
  eden space 15872K, 100% used [0x00000000d5580000,0x00000000d6500000,0x00000000d6500000)
  from space 1024K, 59% used [0x00000000d6700000,0x00000000d6798000,0x00000000d6800000)
  to   space 1024K, 0% used [0x00000000d6500000,0x00000000d6500000,0x00000000d6600000)
 ParOldGen       total 94720K, used 94483K [0x0000000080000000, 0x0000000085c80000, 0x00000000d5580000)
  object space 94720K, 99% used [0x0000000080000000,0x0000000085c44d90,0x0000000085c80000)
 Metaspace       used 70866K, committed 72512K, reserved 1114112K
  class space    used 7605K, committed 8320K, reserved 1048576K
}
Event: 19411.145 GC heap after
{Heap after GC invocations=152 (full 3):
 PSYoungGen      total 16896K, used 960K [0x00000000d5580000, 0x00000000d6800000, 0x0000000100000000)
  eden space 15872K, 0% used [0x00000000d5580000,0x00000000d5580000,0x00000000d6500000)
  from space 1024K, 93% used [0x00000000d6500000,0x00000000d65f0000,0x00000000d6600000)
  to   space 1536K, 0% used [0x00000000d6680000,0x00000000d6680000,0x00000000d6800000)
 ParOldGen       total 95232K, used 94875K [0x0000000080000000, 0x0000000085d00000, 0x00000000d5580000)
  object space 95232K, 99% used [0x0000000080000000,0x0000000085ca6d90,0x0000000085d00000)
 Metaspace       used 70866K, committed 72512K, reserved 1114112K
  class space    used 7605K, committed 8320K, reserved 1048576K
}

