# JRE version: OpenJDK Runtime Environment Temurin-21.0.10+7 (21.0.10+7) (build 21.0.10+7-LTS)
# Java VM: OpenJDK 64-Bit Server VM Temurin-21.0.10+7 (21.0.10+7-LTS, mixed mode, sharing, tiered, compressed oops, compressed class ptrs, parallel gc, windows-amd64)
GC Precious Log:
 CardTable entry size: 512
 CPUs: 16 total, 16 available
 Memory: 5996M
 Large Page Support: Disabled
 NUMA Support: Disabled
 Compressed Oops: Enabled (32-bit)
 Alignments: Space 512K, Generation 512K, Heap 2M
 Heap Min Capacity: 100M
 Heap Initial Capacity: 100M
 Heap Max Capacity: 2G
 Pre-touch: Disabled
 Parallel Workers: 13
Heap:
 PSYoungGen      total 23552K, used 21712K [0x00000000d5580000, 0x00000000d7200000, 0x0000000100000000)
  eden space 21504K, 91% used [0x00000000d5580000,0x00000000d68b45c8,0x00000000d6a80000)
  from space 2048K, 99% used [0x00000000d6f00000,0x00000000d70ffb50,0x00000000d7100000)
  to   space 1024K, 0% used [0x00000000d7100000,0x00000000d7100000,0x00000000d7200000)
 ParOldGen       total 919040K, used 402249K [0x0000000080000000, 0x00000000b8180000, 0x00000000d5580000)
  object space 919040K, 43% used [0x0000000080000000,0x00000000988d25c0,0x00000000b8180000)
 Metaspace       used 92089K, committed 93824K, reserved 1179648K
  class space    used 9696K, committed 10496K, reserved 1048576K
GC Heap History (20 events):
Event: 9342.582 GC heap before
{Heap before GC invocations=1648 (full 4):
 PSYoungGen      total 34304K, used 34299K [0x00000000d5580000, 0x00000000d8680000, 0x0000000100000000)
  eden space 27648K, 100% used [0x00000000d5580000,0x00000000d7080000,0x00000000d7080000)
  from space 6656K, 99% used [0x00000000d7500000,0x00000000d7b7ec10,0x00000000d7b80000)
  to   space 11264K, 0% used [0x00000000d7b80000,0x00000000d7b80000,0x00000000d8680000)
 ParOldGen       total 919040K, used 369583K [0x0000000080000000, 0x00000000b8180000, 0x00000000d5580000)
  object space 919040K, 40% used [0x0000000080000000,0x00000000968ebe80,0x00000000b8180000)
 Metaspace       used 91108K, committed 92736K, reserved 1179648K
  class space    used 9641K, committed 10432K, reserved 1048576K
}
Event: 9342.627 GC heap after
{Heap after GC invocations=1648 (full 4):
 PSYoungGen      total 38400K, used 11066K [0x00000000d5580000, 0x00000000d8700000, 0x0000000100000000)
  eden space 27136K, 0% used [0x00000000d5580000,0x00000000d5580000,0x00000000d7000000)
  from space 11264K, 98% used [0x00000000d7b80000,0x00000000d864e900,0x00000000d8680000)
  to   space 11776K, 0% used [0x00000000d7000000,0x00000000d7000000,0x00000000d7b80000)
 ParOldGen       total 919040K, used 376019K [0x0000000080000000, 0x00000000b8180000, 0x00000000d5580000)
  object space 919040K, 40% used [0x0000000080000000,0x0000000096f34fb0,0x00000000b8180000)
 Metaspace       used 91108K, committed 92736K, reserved 1179648K
  class space    used 9641K, committed 10432K, reserved 1048576K
}
Event: 9342.880 GC heap before
{Heap before GC invocations=1649 (full 4):
 PSYoungGen      total 38400K, used 38202K [0x00000000d5580000, 0x00000000d8700000, 0x0000000100000000)
  eden space 27136K, 100% used [0x00000000d5580000,0x00000000d7000000,0x00000000d7000000)
  from space 11264K, 98% used [0x00000000d7b80000,0x00000000d864e900,0x00000000d8680000)
  to   space 11776K, 0% used [0x00000000d7000000,0x00000000d7000000,0x00000000d7b80000)
 ParOldGen       total 919040K, used 376019K [0x0000000080000000, 0x00000000b8180000, 0x00000000d5580000)
  object space 919040K, 40% used [0x0000000080000000,0x0000000096f34fb0,0x00000000b8180000)
 Metaspace       used 91184K, committed 92928K, reserved 1179648K
  class space    used 9641K, committed 10432K, reserved 1048576K
}
Event: 9342.929 GC heap after
{Heap after GC invocations=1649 (full 4):
 PSYoungGen      total 29184K, used 2360K [0x00000000d5580000, 0x00000000d7c00000, 0x0000000100000000)
  eden space 26624K, 0% used [0x00000000d5580000,0x00000000d5580000,0x00000000d6f80000)
  from space 2560K, 92% used [0x00000000d7000000,0x00000000d724e008,0x00000000d7280000)
  to   space 5632K, 0% used [0x00000000d7680000,0x00000000d7680000,0x00000000d7c00000)
 ParOldGen       total 919040K, used 385896K [0x0000000080000000, 0x00000000b8180000, 0x00000000d5580000)
  object space 919040K, 41% used [0x0000000080000000,0x00000000978da200,0x00000000b8180000)
 Metaspace       used 91184K, committed 92928K, reserved 1179648K
  class space    used 9641K, committed 10432K, reserved 1048576K
}
Event: 9343.043 GC heap before
{Heap before GC invocations=1650 (full 4):
 PSYoungGen      total 29184K, used 28984K [0x00000000d5580000, 0x00000000d7c00000, 0x0000000100000000)
  eden space 26624K, 100% used [0x00000000d5580000,0x00000000d6f80000,0x00000000d6f80000)
  from space 2560K, 92% used [0x00000000d7000000,0x00000000d724e008,0x00000000d7280000)
  to   space 5632K, 0% used [0x00000000d7680000,0x00000000d7680000,0x00000000d7c00000)
 ParOldGen       total 919040K, used 385896K [0x0000000080000000, 0x00000000b8180000, 0x00000000d5580000)
  object space 919040K, 41% used [0x0000000080000000,0x00000000978da200,0x00000000b8180000)
 Metaspace       used 91272K, committed 92992K, reserved 1179648K
  class space    used 9646K, committed 10432K, reserved 1048576K
}
Event: 9343.054 GC heap after
{Heap after GC invocations=1650 (full 4):
 PSYoungGen      total 27136K, used 602K [0x00000000d5580000, 0x00000000d7780000, 0x0000000100000000)
  eden space 26112K, 0% used [0x00000000d5580000,0x00000000d5580000,0x00000000d6f00000)
  from space 1024K, 58% used [0x00000000d7680000,0x00000000d7716900,0x00000000d7780000)
  to   space 2048K, 0% used [0x00000000d7380000,0x00000000d7380000,0x00000000d7580000)
 ParOldGen       total 919040K, used 387943K [0x0000000080000000, 0x00000000b8180000, 0x00000000d5580000)
  object space 919040K, 42% used [0x0000000080000000,0x0000000097ad9dc8,0x00000000b8180000)
 Metaspace       used 91272K, committed 92992K, reserved 1179648K
  class space    used 9646K, committed 10432K, reserved 1048576K
}
Event: 9343.422 GC heap before
{Heap before GC invocations=1651 (full 4):
 PSYoungGen      total 27136K, used 26714K [0x00000000d5580000, 0x00000000d7780000, 0x0000000100000000)
  eden space 26112K, 100% used [0x00000000d5580000,0x00000000d6f00000,0x00000000d6f00000)
  from space 1024K, 58% used [0x00000000d7680000,0x00000000d7716900,0x00000000d7780000)
  to   space 2048K, 0% used [0x00000000d7380000,0x00000000d7380000,0x00000000d7580000)
 ParOldGen       total 919040K, used 387943K [0x0000000080000000, 0x00000000b8180000, 0x00000000d5580000)
  object space 919040K, 42% used [0x0000000080000000,0x0000000097ad9dc8,0x00000000b8180000)
 Metaspace       used 91747K, committed 93504K, reserved 1179648K
  class space    used 9682K, committed 10496K, reserved 1048576K
}
Event: 9343.425 GC heap after
{Heap after GC invocations=1651 (full 4):
 PSYoungGen      total 27648K, used 2019K [0x00000000d5580000, 0x00000000d7700000, 0x0000000100000000)
  eden space 25600K, 0% used [0x00000000d5580000,0x00000000d5580000,0x00000000d6e80000)
  from space 2048K, 98% used [0x00000000d7380000,0x00000000d7578f30,0x00000000d7580000)
  to   space 1536K, 0% used [0x00000000d7580000,0x00000000d7580000,0x00000000d7700000)
 ParOldGen       total 919040K, used 388039K [0x0000000080000000, 0x00000000b8180000, 0x00000000d5580000)
  object space 919040K, 42% used [0x0000000080000000,0x0000000097af1dc8,0x00000000b8180000)
 Metaspace       used 91747K, committed 93504K, reserved 1179648K
  class space    used 9682K, committed 10496K, reserved 1048576K
}
Event: 9343.972 GC heap before
{Heap before GC invocations=1652 (full 4):
 PSYoungGen      total 27648K, used 27619K [0x00000000d5580000, 0x00000000d7700000, 0x0000000100000000)
  eden space 25600K, 100% used [0x00000000d5580000,0x00000000d6e80000,0x00000000d6e80000)
  from space 2048K, 98% used [0x00000000d7380000,0x00000000d7578f30,0x00000000d7580000)
  to   space 1536K, 0% used [0x00000000d7580000,0x00000000d7580000,0x00000000d7700000)
 ParOldGen       total 919040K, used 388039K [0x0000000080000000, 0x00000000b8180000, 0x00000000d5580000)
  object space 919040K, 42% used [0x0000000080000000,0x0000000097af1dc8,0x00000000b8180000)
 Metaspace       used 91759K, committed 93568K, reserved 1179648K
  class space    used 9683K, committed 10496K, reserved 1048576K
}
Event: 9344.029 GC heap after
{Heap after GC invocations=1652 (full 4):
 PSYoungGen      total 26624K, used 1028K [0x00000000d5580000, 0x00000000d7700000, 0x0000000100000000)
  eden space 25088K, 0% used [0x00000000d5580000,0x00000000d5580000,0x00000000d6e00000)
  from space 1536K, 66% used [0x00000000d7580000,0x00000000d7681210,0x00000000d7700000)
  to   space 1536K, 0% used [0x00000000d7400000,0x00000000d7400000,0x00000000d7580000)
 ParOldGen       total 919040K, used 389799K [0x0000000080000000, 0x00000000b8180000, 0x00000000d5580000)
  object space 919040K, 42% used [0x0000000080000000,0x0000000097ca9c70,0x00000000b8180000)
 Metaspace       used 91759K, committed 93568K, reserved 1179648K
  class space    used 9683K, committed 10496K, reserved 1048576K
}
Event: 9344.232 GC heap before
{Heap before GC invocations=1653 (full 4):
 PSYoungGen      total 26624K, used 26116K [0x00000000d5580000, 0x00000000d7700000, 0x0000000100000000)
  eden space 25088K, 100% used [0x00000000d5580000,0x00000000d6e00000,0x00000000d6e00000)
  from space 1536K, 66% used [0x00000000d7580000,0x00000000d7681210,0x00000000d7700000)
  to   space 1536K, 0% used [0x00000000d7400000,0x00000000d7400000,0x00000000d7580000)
 ParOldGen       total 919040K, used 389799K [0x0000000080000000, 0x00000000b8180000, 0x00000000d5580000)
  object space 919040K, 42% used [0x0000000080000000,0x0000000097ca9c70,0x00000000b8180000)
 Metaspace       used 91825K, committed 93632K, reserved 1179648K
  class space    used 9685K, committed 10496K, reserved 1048576K
}
Event: 9344.268 GC heap after
{Heap after GC invocations=1653 (full 4):
 PSYoungGen      total 25600K, used 820K [0x00000000d5580000, 0x00000000d7600000, 0x0000000100000000)
  eden space 24576K, 0% used [0x00000000d5580000,0x00000000d5580000,0x00000000d6d80000)
  from space 1024K, 80% used [0x00000000d7400000,0x00000000d74cd200,0x00000000d7500000)
  to   space 1024K, 0% used [0x00000000d7500000,0x00000000d7500000,0x00000000d7600000)
 ParOldGen       total 919040K, used 389911K [0x0000000080000000, 0x00000000b8180000, 0x00000000d5580000)
  object space 919040K, 42% used [0x0000000080000000,0x0000000097cc5c70,0x00000000b8180000)
 Metaspace       used 91825K, committed 93632K, reserved 1179648K
  class space    used 9685K, committed 10496K, reserved 1048576K
}
Event: 9344.724 GC heap before
{Heap before GC invocations=1654 (full 4):
 PSYoungGen      total 25600K, used 25396K [0x00000000d5580000, 0x00000000d7600000, 0x0000000100000000)
  eden space 24576K, 100% used [0x00000000d5580000,0x00000000d6d80000,0x00000000d6d80000)
  from space 1024K, 80% used [0x00000000d7400000,0x00000000d74cd200,0x00000000d7500000)
  to   space 1024K, 0% used [0x00000000d7500000,0x00000000d7500000,0x00000000d7600000)
 ParOldGen       total 919040K, used 389911K [0x0000000080000000, 0x00000000b8180000, 0x00000000d5580000)
  object space 919040K, 42% used [0x0000000080000000,0x0000000097cc5c70,0x00000000b8180000)
 Metaspace       used 91828K, committed 93632K, reserved 1179648K
  class space    used 9685K, committed 10496K, reserved 1048576K
}
Event: 9344.755 GC heap after
{Heap after GC invocations=1654 (full 4):
 PSYoungGen      total 22528K, used 1015K [0x00000000d5580000, 0x00000000d8200000, 0x0000000100000000)
  eden space 21504K, 0% used [0x00000000d5580000,0x00000000d5580000,0x00000000d6a80000)
  from space 1024K, 99% used [0x00000000d7500000,0x00000000d75fdc28,0x00000000d7600000)
  to   space 10752K, 0% used [0x00000000d6a80000,0x00000000d6a80000,0x00000000d7500000)
 ParOldGen       total 919040K, used 397918K [0x0000000080000000, 0x00000000b8180000, 0x00000000d5580000)
  object space 919040K, 43% used [0x0000000080000000,0x0000000098497898,0x00000000b8180000)
 Metaspace       used 91828K, committed 93632K, reserved 1179648K
  class space    used 9685K, committed 10496K, reserved 1048576K
}
Event: 9350.710 GC heap before
{Heap before GC invocations=1655 (full 4):
 PSYoungGen      total 22528K, used 22519K [0x00000000d5580000, 0x00000000d8200000, 0x0000000100000000)
  eden space 21504K, 100% used [0x00000000d5580000,0x00000000d6a80000,0x00000000d6a80000)
  from space 1024K, 99% used [0x00000000d7500000,0x00000000d75fdc28,0x00000000d7600000)
  to   space 10752K, 0% used [0x00000000d6a80000,0x00000000d6a80000,0x00000000d7500000)
 ParOldGen       total 919040K, used 398547K [0x0000000080000000, 0x00000000b8180000, 0x00000000d5580000)
  object space 919040K, 43% used [0x0000000080000000,0x0000000098534c70,0x00000000b8180000)
 Metaspace       used 91899K, committed 93632K, reserved 1179648K
  class space    used 9690K, committed 10496K, reserved 1048576K
}
Event: 9350.717 GC heap after
{Heap after GC invocations=1655 (full 4):
 PSYoungGen      total 23040K, used 1463K [0x00000000d5580000, 0x00000000d7600000, 0x0000000100000000)
  eden space 21504K, 0% used [0x00000000d5580000,0x00000000d5580000,0x00000000d6a80000)
  from space 1536K, 95% used [0x00000000d6a80000,0x00000000d6bedf00,0x00000000d6c00000)
  to   space 4608K, 0% used [0x00000000d7180000,0x00000000d7180000,0x00000000d7600000)
 ParOldGen       total 919040K, used 399642K [0x0000000080000000, 0x00000000b8180000, 0x00000000d5580000)
  object space 919040K, 43% used [0x0000000080000000,0x0000000098646898,0x00000000b8180000)
 Metaspace       used 91899K, committed 93632K, reserved 1179648K
  class space    used 9690K, committed 10496K, reserved 1048576K
}
Event: 9366.399 GC heap before
{Heap before GC invocations=1656 (full 4):
 PSYoungGen      total 23040K, used 22967K [0x00000000d5580000, 0x00000000d7600000, 0x0000000100000000)
  eden space 21504K, 100% used [0x00000000d5580000,0x00000000d6a80000,0x00000000d6a80000)
  from space 1536K, 95% used [0x00000000d6a80000,0x00000000d6bedf00,0x00000000d6c00000)
  to   space 4608K, 0% used [0x00000000d7180000,0x00000000d7180000,0x00000000d7600000)
 ParOldGen       total 919040K, used 400451K [0x0000000080000000, 0x00000000b8180000, 0x00000000d5580000)
  object space 919040K, 43% used [0x0000000080000000,0x0000000098710d68,0x00000000b8180000)
 Metaspace       used 91938K, committed 93696K, reserved 1179648K
  class space    used 9691K, committed 10496K, reserved 1048576K
}
Event: 9366.404 GC heap after
{Heap after GC invocations=1656 (full 4):
 PSYoungGen      total 23040K, used 1180K [0x00000000d5580000, 0x00000000d7300000, 0x0000000100000000)
  eden space 21504K, 0% used [0x00000000d5580000,0x00000000d5580000,0x00000000d6a80000)
  from space 1536K, 76% used [0x00000000d7180000,0x00000000d72a7148,0x00000000d7300000)
  to   space 2048K, 0% used [0x00000000d6f00000,0x00000000d6f00000,0x00000000d7100000)
 ParOldGen       total 919040K, used 401428K [0x0000000080000000, 0x00000000b8180000, 0x00000000d5580000)
  object space 919040K, 43% used [0x0000000080000000,0x0000000098805320,0x00000000b8180000)
 Metaspace       used 91938K, committed 93696K, reserved 1179648K
  class space    used 9691K, committed 10496K, reserved 1048576K
}
Event: 9397.695 GC heap before
{Heap before GC invocations=1657 (full 4):
 PSYoungGen      total 23040K, used 22684K [0x00000000d5580000, 0x00000000d7300000, 0x0000000100000000)
  eden space 21504K, 100% used [0x00000000d5580000,0x00000000d6a80000,0x00000000d6a80000)
  from space 1536K, 76% used [0x00000000d7180000,0x00000000d72a7148,0x00000000d7300000)
  to   space 2048K, 0% used [0x00000000d6f00000,0x00000000d6f00000,0x00000000d7100000)
 ParOldGen       total 919040K, used 401428K [0x0000000080000000, 0x00000000b8180000, 0x00000000d5580000)
  object space 919040K, 43% used [0x0000000080000000,0x0000000098805320,0x00000000b8180000)
 Metaspace       used 91954K, committed 93696K, reserved 1179648K
  class space    used 9692K, committed 10496K, reserved 1048576K
}
Event: 9397.793 GC heap after
{Heap after GC invocations=1657 (full 4):
 PSYoungGen      total 23552K, used 2046K [0x00000000d5580000, 0x00000000d7200000, 0x0000000100000000)
  eden space 21504K, 0% used [0x00000000d5580000,0x00000000d5580000,0x00000000d6a80000)
  from space 2048K, 99% used [0x00000000d6f00000,0x00000000d70ffb50,0x00000000d7100000)
  to   space 1024K, 0% used [0x00000000d7100000,0x00000000d7100000,0x00000000d7200000)
 ParOldGen       total 919040K, used 402249K [0x0000000080000000, 0x00000000b8180000, 0x00000000d5580000)
  object space 919040K, 43% used [0x0000000080000000,0x00000000988d25c0,0x00000000b8180000)
 Metaspace       used 91954K, committed 93696K, reserved 1179648K
  class space    used 9692K, committed 10496K, reserved 1048576K
}

