# JRE version: OpenJDK Runtime Environment Temurin-21.0.10+7 (21.0.10+7) (build 21.0.10+7-LTS)
# Java VM: OpenJDK 64-Bit Server VM Temurin-21.0.10+7 (21.0.10+7-LTS, mixed mode, sharing, tiered, compressed oops, compressed class ptrs, parallel gc, windows-amd64)
GC Precious Log:
 CardTable entry size: 512
 CPUs: 16 total, 16 available
 Memory: 5996M
 Large Page Support: Disabled
 NUMA Support: Disabled
 Compressed Oops: Enabled (32-bit)
 Alignments: Space 512K, Generation 512K, Heap 2M
 Heap Min Capacity: 100M
 Heap Initial Capacity: 100M
 Heap Max Capacity: 2G
 Pre-touch: Disabled
 Parallel Workers: 13
Heap:
 PSYoungGen      total 3584K, used 881K [0x00000000d5580000, 0x00000000d5a00000, 0x0000000100000000)
  eden space 3072K, 18% used [0x00000000d5580000,0x00000000d560c468,0x00000000d5880000)
  from space 512K, 62% used [0x00000000d5980000,0x00000000d59d0000,0x00000000d5a00000)
  to   space 512K, 0% used [0x00000000d5900000,0x00000000d5900000,0x00000000d5980000)
 ParOldGen       total 1177600K, used 131096K [0x0000000080000000, 0x00000000c7e00000, 0x00000000d5580000)
  object space 1177600K, 11% used [0x0000000080000000,0x0000000088006348,0x00000000c7e00000)
 Metaspace       used 104043K, committed 106112K, reserved 1179648K
  class space    used 10742K, committed 11712K, reserved 1048576K
GC Heap History (20 events):
Event: 26484.745 GC heap before
{Heap before GC invocations=2991 (full 6):
 PSYoungGen      total 4096K, used 4080K [0x00000000d5580000, 0x00000000d5c00000, 0x0000000100000000)
  eden space 3072K, 100% used [0x00000000d5580000,0x00000000d5880000,0x00000000d5880000)
  from space 1024K, 98% used [0x00000000d5a00000,0x00000000d5afc010,0x00000000d5b00000)
  to   space 1536K, 0% used [0x00000000d5880000,0x00000000d5880000,0x00000000d5a00000)
 ParOldGen       total 1177600K, used 129293K [0x0000000080000000, 0x00000000c7e00000, 0x00000000d5580000)
  object space 1177600K, 10% used [0x0000000080000000,0x0000000087e43680,0x00000000c7e00000)
 Metaspace       used 104029K, committed 106112K, reserved 1179648K
  class space    used 10741K, committed 11712K, reserved 1048576K
}
Event: 26484.746 GC heap after
{Heap after GC invocations=2991 (full 6):
 PSYoungGen      total 4096K, used 858K [0x00000000d5580000, 0x00000000d5a80000, 0x0000000100000000)
  eden space 3072K, 0% used [0x00000000d5580000,0x00000000d5580000,0x00000000d5880000)
  from space 1024K, 83% used [0x00000000d5880000,0x00000000d5956900,0x00000000d5980000)
  to   space 1024K, 0% used [0x00000000d5980000,0x00000000d5980000,0x00000000d5a80000)
 ParOldGen       total 1177600K, used 129357K [0x0000000080000000, 0x00000000c7e00000, 0x00000000d5580000)
  object space 1177600K, 10% used [0x0000000080000000,0x0000000087e53680,0x00000000c7e00000)
 Metaspace       used 104029K, committed 106112K, reserved 1179648K
  class space    used 10741K, committed 11712K, reserved 1048576K
}
Event: 26485.328 GC heap before
{Heap before GC invocations=2992 (full 6):
 PSYoungGen      total 4096K, used 3930K [0x00000000d5580000, 0x00000000d5a80000, 0x0000000100000000)
  eden space 3072K, 100% used [0x00000000d5580000,0x00000000d5880000,0x00000000d5880000)
  from space 1024K, 83% used [0x00000000d5880000,0x00000000d5956900,0x00000000d5980000)
  to   space 1024K, 0% used [0x00000000d5980000,0x00000000d5980000,0x00000000d5a80000)
 ParOldGen       total 1177600K, used 129357K [0x0000000080000000, 0x00000000c7e00000, 0x00000000d5580000)
  object space 1177600K, 10% used [0x0000000080000000,0x0000000087e53680,0x00000000c7e00000)
 Metaspace       used 104029K, committed 106112K, reserved 1179648K
  class space    used 10741K, committed 11712K, reserved 1048576K
}
Event: 26485.329 GC heap after
{Heap after GC invocations=2992 (full 6):
 PSYoungGen      total 4096K, used 528K [0x00000000d5580000, 0x00000000d5a80000, 0x0000000100000000)
  eden space 3072K, 0% used [0x00000000d5580000,0x00000000d5580000,0x00000000d5880000)
  from space 1024K, 51% used [0x00000000d5980000,0x00000000d5a04010,0x00000000d5a80000)
  to   space 1024K, 0% used [0x00000000d5880000,0x00000000d5880000,0x00000000d5980000)
 ParOldGen       total 1177600K, used 129373K [0x0000000080000000, 0x00000000c7e00000, 0x00000000d5580000)
  object space 1177600K, 10% used [0x0000000080000000,0x0000000087e57680,0x00000000c7e00000)
 Metaspace       used 104029K, committed 106112K, reserved 1179648K
  class space    used 10741K, committed 11712K, reserved 1048576K
}
Event: 26485.336 GC heap before
{Heap before GC invocations=2993 (full 6):
 PSYoungGen      total 4096K, used 3600K [0x00000000d5580000, 0x00000000d5a80000, 0x0000000100000000)
  eden space 3072K, 100% used [0x00000000d5580000,0x00000000d5880000,0x00000000d5880000)
  from space 1024K, 51% used [0x00000000d5980000,0x00000000d5a04010,0x00000000d5a80000)
  to   space 1024K, 0% used [0x00000000d5880000,0x00000000d5880000,0x00000000d5980000)
 ParOldGen       total 1177600K, used 129373K [0x0000000080000000, 0x00000000c7e00000, 0x00000000d5580000)
  object space 1177600K, 10% used [0x0000000080000000,0x0000000087e57680,0x00000000c7e00000)
 Metaspace       used 104029K, committed 106112K, reserved 1179648K
  class space    used 10741K, committed 11712K, reserved 1048576K
}
Event: 26485.337 GC heap after
{Heap after GC invocations=2993 (full 6):
 PSYoungGen      total 4096K, used 416K [0x00000000d5580000, 0x00000000d5a00000, 0x0000000100000000)
  eden space 3072K, 0% used [0x00000000d5580000,0x00000000d5580000,0x00000000d5880000)
  from space 1024K, 40% used [0x00000000d5880000,0x00000000d58e8000,0x00000000d5980000)
  to   space 512K, 0% used [0x00000000d5980000,0x00000000d5980000,0x00000000d5a00000)
 ParOldGen       total 1177600K, used 129746K [0x0000000080000000, 0x00000000c7e00000, 0x00000000d5580000)
  object space 1177600K, 11% used [0x0000000080000000,0x0000000087eb4890,0x00000000c7e00000)
 Metaspace       used 104029K, committed 106112K, reserved 1179648K
  class space    used 10741K, committed 11712K, reserved 1048576K
}
Event: 26485.729 GC heap before
{Heap before GC invocations=2994 (full 6):
 PSYoungGen      total 4096K, used 3488K [0x00000000d5580000, 0x00000000d5a00000, 0x0000000100000000)
  eden space 3072K, 100% used [0x00000000d5580000,0x00000000d5880000,0x00000000d5880000)
  from space 1024K, 40% used [0x00000000d5880000,0x00000000d58e8000,0x00000000d5980000)
  to   space 512K, 0% used [0x00000000d5980000,0x00000000d5980000,0x00000000d5a00000)
 ParOldGen       total 1177600K, used 129746K [0x0000000080000000, 0x00000000c7e00000, 0x00000000d5580000)
  object space 1177600K, 11% used [0x0000000080000000,0x0000000087eb4890,0x00000000c7e00000)
 Metaspace       used 104030K, committed 106112K, reserved 1179648K
  class space    used 10741K, committed 11712K, reserved 1048576K
}
Event: 26485.730 GC heap after
{Heap after GC invocations=2994 (full 6):
 PSYoungGen      total 3584K, used 506K [0x00000000d5580000, 0x00000000d5a80000, 0x0000000100000000)
  eden space 3072K, 0% used [0x00000000d5580000,0x00000000d5580000,0x00000000d5880000)
  from space 512K, 98% used [0x00000000d5980000,0x00000000d59fe900,0x00000000d5a00000)
  to   space 1024K, 0% used [0x00000000d5880000,0x00000000d5880000,0x00000000d5980000)
 ParOldGen       total 1177600K, used 130050K [0x0000000080000000, 0x00000000c7e00000, 0x00000000d5580000)
  object space 1177600K, 11% used [0x0000000080000000,0x0000000087f00890,0x00000000c7e00000)
 Metaspace       used 104030K, committed 106112K, reserved 1179648K
  class space    used 10741K, committed 11712K, reserved 1048576K
}
Event: 26485.736 GC heap before
{Heap before GC invocations=2995 (full 6):
 PSYoungGen      total 3584K, used 3578K [0x00000000d5580000, 0x00000000d5a80000, 0x0000000100000000)
  eden space 3072K, 100% used [0x00000000d5580000,0x00000000d5880000,0x00000000d5880000)
  from space 512K, 98% used [0x00000000d5980000,0x00000000d59fe900,0x00000000d5a00000)
  to   space 1024K, 0% used [0x00000000d5880000,0x00000000d5880000,0x00000000d5980000)
 ParOldGen       total 1177600K, used 130050K [0x0000000080000000, 0x00000000c7e00000, 0x00000000d5580000)
  object space 1177600K, 11% used [0x0000000080000000,0x0000000087f00890,0x00000000c7e00000)
 Metaspace       used 104030K, committed 106112K, reserved 1179648K
  class space    used 10741K, committed 11712K, reserved 1048576K
}
Event: 26485.737 GC heap after
{Heap after GC invocations=2995 (full 6):
 PSYoungGen      total 4096K, used 474K [0x00000000d5580000, 0x00000000d5a80000, 0x0000000100000000)
  eden space 3072K, 0% used [0x00000000d5580000,0x00000000d5580000,0x00000000d5880000)
  from space 1024K, 46% used [0x00000000d5880000,0x00000000d58f6900,0x00000000d5980000)
  to   space 1024K, 0% used [0x00000000d5980000,0x00000000d5980000,0x00000000d5a80000)
 ParOldGen       total 1177600K, used 130483K [0x0000000080000000, 0x00000000c7e00000, 0x00000000d5580000)
  object space 1177600K, 11% used [0x0000000080000000,0x0000000087f6ccb8,0x00000000c7e00000)
 Metaspace       used 104030K, committed 106112K, reserved 1179648K
  class space    used 10741K, committed 11712K, reserved 1048576K
}
Event: 26485.741 GC heap before
{Heap before GC invocations=2996 (full 6):
 PSYoungGen      total 4096K, used 3546K [0x00000000d5580000, 0x00000000d5a80000, 0x0000000100000000)
  eden space 3072K, 100% used [0x00000000d5580000,0x00000000d5880000,0x00000000d5880000)
  from space 1024K, 46% used [0x00000000d5880000,0x00000000d58f6900,0x00000000d5980000)
  to   space 1024K, 0% used [0x00000000d5980000,0x00000000d5980000,0x00000000d5a80000)
 ParOldGen       total 1177600K, used 130483K [0x0000000080000000, 0x00000000c7e00000, 0x00000000d5580000)
  object space 1177600K, 11% used [0x0000000080000000,0x0000000087f6ccb8,0x00000000c7e00000)
 Metaspace       used 104030K, committed 106112K, reserved 1179648K
  class space    used 10741K, committed 11712K, reserved 1048576K
}
Event: 26485.743 GC heap after
{Heap after GC invocations=2996 (full 6):
 PSYoungGen      total 4096K, used 512K [0x00000000d5580000, 0x00000000d5a80000, 0x0000000100000000)
  eden space 3072K, 0% used [0x00000000d5580000,0x00000000d5580000,0x00000000d5880000)
  from space 1024K, 50% used [0x00000000d5980000,0x00000000d5a00000,0x00000000d5a80000)
  to   space 1024K, 0% used [0x00000000d5880000,0x00000000d5880000,0x00000000d5980000)
 ParOldGen       total 1177600K, used 130812K [0x0000000080000000, 0x00000000c7e00000, 0x00000000d5580000)
  object space 1177600K, 11% used [0x0000000080000000,0x0000000087fbf148,0x00000000c7e00000)
 Metaspace       used 104030K, committed 106112K, reserved 1179648K
  class space    used 10741K, committed 11712K, reserved 1048576K
}
Event: 26505.385 GC heap before
{Heap before GC invocations=2997 (full 6):
 PSYoungGen      total 4096K, used 3584K [0x00000000d5580000, 0x00000000d5a80000, 0x0000000100000000)
  eden space 3072K, 100% used [0x00000000d5580000,0x00000000d5880000,0x00000000d5880000)
  from space 1024K, 50% used [0x00000000d5980000,0x00000000d5a00000,0x00000000d5a80000)
  to   space 1024K, 0% used [0x00000000d5880000,0x00000000d5880000,0x00000000d5980000)
 ParOldGen       total 1177600K, used 130812K [0x0000000080000000, 0x00000000c7e00000, 0x00000000d5580000)
  object space 1177600K, 11% used [0x0000000080000000,0x0000000087fbf148,0x00000000c7e00000)
 Metaspace       used 104031K, committed 106112K, reserved 1179648K
  class space    used 10741K, committed 11712K, reserved 1048576K
}
Event: 26505.386 GC heap after
{Heap after GC invocations=2997 (full 6):
 PSYoungGen      total 4096K, used 442K [0x00000000d5580000, 0x00000000d5a00000, 0x0000000100000000)
  eden space 3072K, 0% used [0x00000000d5580000,0x00000000d5580000,0x00000000d5880000)
  from space 1024K, 43% used [0x00000000d5880000,0x00000000d58ee900,0x00000000d5980000)
  to   space 512K, 0% used [0x00000000d5980000,0x00000000d5980000,0x00000000d5a00000)
 ParOldGen       total 1177600K, used 130868K [0x0000000080000000, 0x00000000c7e00000, 0x00000000d5580000)
  object space 1177600K, 11% used [0x0000000080000000,0x0000000087fcd148,0x00000000c7e00000)
 Metaspace       used 104031K, committed 106112K, reserved 1179648K
  class space    used 10741K, committed 11712K, reserved 1048576K
}
Event: 26505.391 GC heap before
{Heap before GC invocations=2998 (full 6):
 PSYoungGen      total 4096K, used 3514K [0x00000000d5580000, 0x00000000d5a00000, 0x0000000100000000)
  eden space 3072K, 100% used [0x00000000d5580000,0x00000000d5880000,0x00000000d5880000)
  from space 1024K, 43% used [0x00000000d5880000,0x00000000d58ee900,0x00000000d5980000)
  to   space 512K, 0% used [0x00000000d5980000,0x00000000d5980000,0x00000000d5a00000)
 ParOldGen       total 1177600K, used 130868K [0x0000000080000000, 0x00000000c7e00000, 0x00000000d5580000)
  object space 1177600K, 11% used [0x0000000080000000,0x0000000087fcd148,0x00000000c7e00000)
 Metaspace       used 104031K, committed 106112K, reserved 1179648K
  class space    used 10741K, committed 11712K, reserved 1048576K
}
Event: 26505.392 GC heap after
{Heap after GC invocations=2998 (full 6):
 PSYoungGen      total 3584K, used 512K [0x00000000d5580000, 0x00000000d5a80000, 0x0000000100000000)
  eden space 3072K, 0% used [0x00000000d5580000,0x00000000d5580000,0x00000000d5880000)
  from space 512K, 100% used [0x00000000d5980000,0x00000000d5a00000,0x00000000d5a00000)
  to   space 1024K, 0% used [0x00000000d5880000,0x00000000d5880000,0x00000000d5980000)
 ParOldGen       total 1177600K, used 131008K [0x0000000080000000, 0x00000000c7e00000, 0x00000000d5580000)
  object space 1177600K, 11% used [0x0000000080000000,0x0000000087ff0348,0x00000000c7e00000)
 Metaspace       used 104031K, committed 106112K, reserved 1179648K
  class space    used 10741K, committed 11712K, reserved 1048576K
}
Event: 26522.343 GC heap before
{Heap before GC invocations=2999 (full 6):
 PSYoungGen      total 3584K, used 3584K [0x00000000d5580000, 0x00000000d5a80000, 0x0000000100000000)
  eden space 3072K, 100% used [0x00000000d5580000,0x00000000d5880000,0x00000000d5880000)
  from space 512K, 100% used [0x00000000d5980000,0x00000000d5a00000,0x00000000d5a00000)
  to   space 1024K, 0% used [0x00000000d5880000,0x00000000d5880000,0x00000000d5980000)
 ParOldGen       total 1177600K, used 131008K [0x0000000080000000, 0x00000000c7e00000, 0x00000000d5580000)
  object space 1177600K, 11% used [0x0000000080000000,0x0000000087ff0348,0x00000000c7e00000)
 Metaspace       used 104033K, committed 106112K, reserved 1179648K
  class space    used 10741K, committed 11712K, reserved 1048576K
}
Event: 26522.345 GC heap after
{Heap after GC invocations=2999 (full 6):
 PSYoungGen      total 4096K, used 538K [0x00000000d5580000, 0x00000000d5a80000, 0x0000000100000000)
  eden space 3072K, 0% used [0x00000000d5580000,0x00000000d5580000,0x00000000d5880000)
  from space 1024K, 52% used [0x00000000d5880000,0x00000000d5906900,0x00000000d5980000)
  to   space 1024K, 0% used [0x00000000d5980000,0x00000000d5980000,0x00000000d5a80000)
 ParOldGen       total 1177600K, used 131040K [0x0000000080000000, 0x00000000c7e00000, 0x00000000d5580000)
  object space 1177600K, 11% used [0x0000000080000000,0x0000000087ff8348,0x00000000c7e00000)
 Metaspace       used 104033K, committed 106112K, reserved 1179648K
  class space    used 10741K, committed 11712K, reserved 1048576K
}
Event: 26618.590 GC heap before
{Heap before GC invocations=3000 (full 6):
 PSYoungGen      total 4096K, used 3610K [0x00000000d5580000, 0x00000000d5a80000, 0x0000000100000000)
  eden space 3072K, 99% used [0x00000000d5580000,0x00000000d587ffe0,0x00000000d5880000)
  from space 1024K, 52% used [0x00000000d5880000,0x00000000d5906900,0x00000000d5980000)
  to   space 1024K, 0% used [0x00000000d5980000,0x00000000d5980000,0x00000000d5a80000)
 ParOldGen       total 1177600K, used 131040K [0x0000000080000000, 0x00000000c7e00000, 0x00000000d5580000)
  object space 1177600K, 11% used [0x0000000080000000,0x0000000087ff8348,0x00000000c7e00000)
 Metaspace       used 104038K, committed 106112K, reserved 1179648K
  class space    used 10741K, committed 11712K, reserved 1048576K
}
Event: 26618.646 GC heap after
{Heap after GC invocations=3000 (full 6):
 PSYoungGen      total 3584K, used 320K [0x00000000d5580000, 0x00000000d5a00000, 0x0000000100000000)
  eden space 3072K, 0% used [0x00000000d5580000,0x00000000d5580000,0x00000000d5880000)
  from space 512K, 62% used [0x00000000d5980000,0x00000000d59d0000,0x00000000d5a00000)
  to   space 512K, 0% used [0x00000000d5900000,0x00000000d5900000,0x00000000d5980000)
 ParOldGen       total 1177600K, used 131096K [0x0000000080000000, 0x00000000c7e00000, 0x00000000d5580000)
  object space 1177600K, 11% used [0x0000000080000000,0x0000000088006348,0x00000000c7e00000)
 Metaspace       used 104038K, committed 106112K, reserved 1179648K
  class space    used 10741K, committed 11712K, reserved 1048576K
}

